2022-08-05 16:49:21 INFO  Utils - [TestNG] Running:
  C:\Users\Vrunda Vibhute\git\MasterFramework\MasterFramework\testng.xml

2022-08-05 16:49:21 INFO  SetUp - Test Case_VerifyCRMLogin_Successfully Started
2022-08-05 16:49:32 INFO  WebDriverManager - Using chromedriver 104.0.5112.79 (resolved driver for Chrome 104)
2022-08-05 16:49:32 INFO  WebDriverManager - Exporting webdriver.chrome.driver as C:\Users\Vrunda Vibhute\.cache\selenium\chromedriver\win32\104.0.5112.79\chromedriver.exe
2022-08-05 16:49:35 INFO  SetUp - Chrome Browser Launched..
2022-08-05 16:49:36 INFO  SetUp - URL : https://kmb.crmnext.com/sng7/app/login/login
2022-08-05 16:49:37 INFO  ScreenShot - ScreenShot captured LoginPage || Status :Pass
2022-08-05 16:49:37 INFO  CommonMethods - Sucessfully Clicked on Username_XPATH
2022-08-05 16:49:38 INFO  CommonMethods - Data Sucessfully entered on Username_XPATH = admin
2022-08-05 16:49:39 INFO  CommonMethods - Sucessfully Clicked on password_XPATH
2022-08-05 16:49:40 INFO  CommonMethods - Data Sucessfully entered on password_XPATH = acid_qa
2022-08-05 16:49:43 INFO  CommonMethods - Sucessfully Clicked on loginBtn_XPATH
2022-08-05 16:49:44 INFO  CommonMethods - Sucessfully Clicked on ProfileBtn_XPATH
2022-08-05 16:49:44 INFO  CommonMethods - Sucessfully Clicked on logoutBtn_XPATH
2022-08-05 16:49:44 INFO  LoginPage - Sucessfully logout..
2022-08-05 16:49:44 INFO  SetUp - Test Case_VerifyCRMLogin_Successfully Passed
2022-08-05 16:49:46 INFO  CommonMethods - Row num for TestScenario = VerifyCRMLogin is = 1
2022-08-05 16:49:47 INFO  ExcelOperation - Write to excel with : Row=1 | Cell =3 | Data =Pass
2022-08-05 16:51:11 INFO  Utils - [TestNG] Running:
  C:\Users\Vrunda Vibhute\git\MasterFramework\MasterFramework\testng.xml

2022-08-05 16:51:11 INFO  SetUp - Test Case_VerifyCRMLogin_Successfully Started
2022-08-05 16:51:13 INFO  WebDriverManager - Using chromedriver 104.0.5112.79 (resolved driver for Chrome 104)
2022-08-05 16:51:13 INFO  WebDriverManager - Exporting webdriver.chrome.driver as C:\Users\Vrunda Vibhute\.cache\selenium\chromedriver\win32\104.0.5112.79\chromedriver.exe
2022-08-05 16:51:15 INFO  SetUp - Chrome Browser Launched..
2022-08-05 16:51:16 INFO  SetUp - URL : https://kmb.crmnext.com/sng7/app/login/login
2022-08-05 16:51:17 INFO  ScreenShot - ScreenShot captured LoginPage || Status :Pass
2022-08-05 16:51:17 INFO  CommonMethods - Sucessfully Clicked on Username_XPATH
2022-08-05 16:51:18 INFO  CommonMethods - Data Sucessfully entered on Username_XPATH = admin
2022-08-05 16:51:19 INFO  CommonMethods - Sucessfully Clicked on password_XPATH
2022-08-05 16:51:20 INFO  CommonMethods - Data Sucessfully entered on password_XPATH = acid_qa
2022-08-05 16:51:24 INFO  CommonMethods - Sucessfully Clicked on loginBtn_XPATH
2022-08-05 16:51:24 INFO  CommonMethods - Sucessfully Clicked on ProfileBtn_XPATH
2022-08-05 16:51:25 INFO  CommonMethods - Sucessfully Clicked on logoutBtn_XPATH
2022-08-05 16:51:25 INFO  LoginPage - Sucessfully logout..
2022-08-05 16:51:25 INFO  SetUp - Test Case_VerifyCRMLogin_Successfully Passed
2022-08-05 16:51:27 INFO  CommonMethods - Row num for TestScenario = VerifyCRMLogin is = 1
2022-08-05 16:51:28 INFO  ExcelOperation - Write to excel with : Row=1 | Cell =3 | Data =Pass
2022-08-05 16:59:46 INFO  Utils - [TestNG] Running:
  C:\Users\Vrunda Vibhute\git\MasterFramework\MasterFramework\src\test\resources\RunnerFiles\testng.xml

2022-08-05 16:59:46 INFO  SetUp - Test Case_VerifyCRMLogin_Successfully Started
2022-08-05 16:59:48 INFO  WebDriverManager - Using chromedriver 104.0.5112.79 (resolved driver for Chrome 104)
2022-08-05 16:59:48 INFO  WebDriverManager - Exporting webdriver.chrome.driver as C:\Users\Vrunda Vibhute\.cache\selenium\chromedriver\win32\104.0.5112.79\chromedriver.exe
2022-08-05 16:59:51 INFO  SetUp - Chrome Browser Launched..
2022-08-05 16:59:52 INFO  SetUp - URL : https://kmb.crmnext.com/sng7/app/login/login
2022-08-05 16:59:52 INFO  ScreenShot - ScreenShot captured LoginPage || Status :Pass
2022-08-05 16:59:52 INFO  CommonMethods - Sucessfully clicked on Username_XPATH
2022-08-05 16:59:53 INFO  CommonMethods - Data sucessfully entered on Username_XPATH = admin
2022-08-05 16:59:54 INFO  CommonMethods - Sucessfully clicked on password_XPATH
2022-08-05 16:59:55 INFO  CommonMethods - Data sucessfully entered on password_XPATH = acid_qa
2022-08-05 16:59:58 INFO  CommonMethods - Sucessfully clicked on loginBtn_XPATH
2022-08-05 16:59:59 INFO  CommonMethods - Sucessfully clicked on ProfileBtn_XPATH
2022-08-05 16:59:59 INFO  CommonMethods - Sucessfully clicked on logoutBtn_XPATH
2022-08-05 16:59:59 INFO  LoginPage - Sucessfully logout..
2022-08-05 16:59:59 INFO  SetUp - Test Case_VerifyCRMLogin_Successfully Passed
2022-08-05 17:00:00 INFO  CommonMethods - Row num for TestScenario = VerifyCRMLogin is = 1
2022-08-05 17:00:01 INFO  ExcelOperation - Write to excel with : Row=1 | Cell =3 | Data =Pass
2022-08-05 17:03:04 INFO  SetUp - Test Case_VerifyCRMLogin_Successfully Started
2022-08-05 17:03:06 INFO  WebDriverManager - Using chromedriver 104.0.5112.79 (resolved driver for Chrome 104)
2022-08-05 17:03:06 INFO  WebDriverManager - Exporting webdriver.chrome.driver as C:\Users\Vrunda Vibhute\.cache\selenium\chromedriver\win32\104.0.5112.79\chromedriver.exe
2022-08-05 17:03:08 INFO  SetUp - Chrome Browser Launched..
2022-08-05 17:03:10 INFO  SetUp - URL : https://kmb.crmnext.com/sng7/app/login/login
2022-08-05 17:03:10 INFO  ScreenShot - ScreenShot captured LoginPage || Status :Pass
2022-08-05 17:03:10 INFO  CommonMethods - Sucessfully clicked on Username_XPATH
2022-08-05 17:03:11 INFO  CommonMethods - Data sucessfully entered on Username_XPATH = admin
2022-08-05 17:03:11 INFO  CommonMethods - Sucessfully clicked on password_XPATH
2022-08-05 17:03:12 INFO  CommonMethods - Data sucessfully entered on password_XPATH = acid_qa
2022-08-05 17:03:16 INFO  CommonMethods - Sucessfully clicked on loginBtn_XPATH
2022-08-05 17:03:16 INFO  CommonMethods - Sucessfully clicked on ProfileBtn_XPATH
2022-08-05 17:03:17 INFO  CommonMethods - Sucessfully clicked on logoutBtn_XPATH
2022-08-05 17:03:17 INFO  LoginPage - Sucessfully logout..
2022-08-05 17:03:17 INFO  SetUp - Test Case_VerifyCRMLogin_Successfully Passed
2022-08-05 17:03:17 INFO  CommonMethods - Row num for TestScenario = VerifyCRMLogin is = 1
2022-08-05 17:03:19 INFO  ExcelOperation - Write to excel with : Row=1 | Cell =3 | Data =Pass
2022-08-10 11:59:39 INFO  Utils - [TestNG] Running:
  C:\Users\Madhusmita P\eclipse-workspace_2022_Jan_Batch\MasterFramework\src\test\resources\RunnerFiles\testng.xml

2022-08-10 11:59:39 INFO  SetUp - Test Case_VerifyCRMLogin_Successfully Started
2022-08-10 11:59:54 INFO  WebDriverManager - Using chromedriver 104.0.5112.79 (resolved driver for Chrome 104)
2022-08-10 11:59:54 INFO  WebDriverManager - Reading https://chromedriver.storage.googleapis.com/ to seek chromedriver
2022-08-10 11:59:54 INFO  Downloader - Downloading https://chromedriver.storage.googleapis.com/104.0.5112.79/chromedriver_win32.zip
2022-08-10 11:59:57 INFO  Downloader - Extracting driver from compressed file chromedriver_win32.zip
2022-08-10 11:59:58 INFO  WebDriverManager - Exporting webdriver.chrome.driver as C:\Users\Madhusmita P\.cache\selenium\chromedriver\win32\104.0.5112.79\chromedriver.exe
2022-08-10 12:00:11 INFO  SetUp - Chrome Browser Launched..
2022-08-10 12:00:14 INFO  SetUp - URL : https://kmb.crmnext.com/sng7/app/login/login
2022-08-10 12:00:25 INFO  ScreenShot - ScreenShot captured LoginPage || Status :Pass
2022-08-10 12:00:25 INFO  CommonMethods - Sucessfully clicked on Username_XPATH
2022-08-10 12:00:25 INFO  CommonMethods - Data sucessfully entered on Username_XPATH = admin
2022-08-10 12:00:26 INFO  CommonMethods - Sucessfully clicked on password_XPATH
2022-08-10 12:00:27 INFO  CommonMethods - Data sucessfully entered on password_XPATH = acid_qa
2022-08-10 12:00:35 INFO  CommonMethods - Sucessfully clicked on loginBtn_XPATH
2022-08-10 12:00:35 INFO  CommonMethods - Sucessfully clicked on ProfileBtn_XPATH
2022-08-10 12:00:40 INFO  CommonMethods - Sucessfully clicked on logoutBtn_XPATH
2022-08-10 12:00:40 INFO  LoginPage - Sucessfully logout..
2022-08-10 12:00:40 INFO  SetUp - Test Case_VerifyCRMLogin_Successfully Passed
2022-08-10 12:00:40 INFO  CommonMethods - Row num for TestScenario = VerifyCRMLogin is = 1
2022-08-10 12:00:42 INFO  ExcelOperation - Write to excel with : Row=1 | Cell =3 | Data =Pass
2022-08-10 12:00:48 WARN  WebSocketHandler - onError
java.net.SocketException: Connection reset
	at sun.nio.ch.SocketChannelImpl.throwConnectionReset(SocketChannelImpl.java:394) ~[?:?]
	at sun.nio.ch.SocketChannelImpl.read(SocketChannelImpl.java:426) ~[?:?]
	at io.netty.buffer.PooledByteBuf.setBytes(PooledByteBuf.java:253) ~[netty-buffer-4.1.69.Final.jar:4.1.69.Final]
	at io.netty.buffer.AbstractByteBuf.writeBytes(AbstractByteBuf.java:1132) ~[netty-buffer-4.1.69.Final.jar:4.1.69.Final]
	at io.netty.channel.socket.nio.NioSocketChannel.doReadBytes(NioSocketChannel.java:350) ~[netty-transport-4.1.69.Final.jar:4.1.69.Final]
	at io.netty.channel.nio.AbstractNioByteChannel$NioByteUnsafe.read(AbstractNioByteChannel.java:151) [netty-transport-4.1.69.Final.jar:4.1.69.Final]
	at io.netty.channel.nio.NioEventLoop.processSelectedKey(NioEventLoop.java:719) [netty-transport-4.1.69.Final.jar:4.1.69.Final]
	at io.netty.channel.nio.NioEventLoop.processSelectedKeysOptimized(NioEventLoop.java:655) [netty-transport-4.1.69.Final.jar:4.1.69.Final]
	at io.netty.channel.nio.NioEventLoop.processSelectedKeys(NioEventLoop.java:581) [netty-transport-4.1.69.Final.jar:4.1.69.Final]
	at io.netty.channel.nio.NioEventLoop.run(NioEventLoop.java:493) [netty-transport-4.1.69.Final.jar:4.1.69.Final]
	at io.netty.util.concurrent.SingleThreadEventExecutor$4.run(SingleThreadEventExecutor.java:986) [netty-common-4.1.69.Final.jar:4.1.69.Final]
	at io.netty.util.internal.ThreadExecutorMap$2.run(ThreadExecutorMap.java:74) [netty-common-4.1.69.Final.jar:4.1.69.Final]
	at io.netty.util.concurrent.FastThreadLocalRunnable.run(FastThreadLocalRunnable.java:30) [netty-common-4.1.69.Final.jar:4.1.69.Final]
	at java.lang.Thread.run(Thread.java:833) [?:?]
2022-08-10 12:00:53 INFO  SetUp - Browser Closed..
2022-08-10 12:35:14 INFO  Utils - [TestNG] Running:
  C:\Users\Madhusmita P\eclipse-workspace_2022_Jan_Batch\MasterFramework\src\test\resources\RunnerFiles\testng.xml

2022-08-10 12:35:15 INFO  SetUp - Test Case_VerifyCRMLogin_Successfully Started
2022-08-10 12:35:16 INFO  SetUp - Test Case_VerifyCRMLogin_get Skipped as its Runmode is 'NO' 
2022-08-10 12:35:17 INFO  SetUp - Test Case_NTBUnsecuredUnassisted_Successfully Started
2022-08-10 12:35:17 INFO  WebDriverManager - Using chromedriver 104.0.5112.79 (resolved driver for Chrome 104)
2022-08-10 12:35:17 INFO  WebDriverManager - Exporting webdriver.chrome.driver as C:\Users\Madhusmita P\.cache\selenium\chromedriver\win32\104.0.5112.79\chromedriver.exe
2022-08-10 12:35:23 INFO  SetUp - Chrome Browser Launched..
2022-08-10 12:35:23 ERROR SetUp - NTBUnsecuredUnassisted Get Failed due to 
Cannot invoke "org.apache.poi.xssf.usermodel.XSSFRow.forEach(java.util.function.Consumer)" because the return value of "org.apache.poi.xssf.usermodel.XSSFSheet.getRow(int)" is null
2022-08-10 12:35:25 INFO  ScreenShot - ScreenShot captured NTBUnsecuredUnassisted || Status :Fail
2022-08-10 12:35:25 INFO  CommonMethods - Row num for TestScenario = NTBUnsecuredUnassisted is = 2
2022-08-10 12:35:26 INFO  ExcelOperation - Write to excel with : Row=2 | Cell =3 | Data =Fail
2022-08-10 12:35:27 WARN  WebSocketHandler - onError
java.net.SocketException: Connection reset
	at sun.nio.ch.SocketChannelImpl.throwConnectionReset(SocketChannelImpl.java:394) ~[?:?]
	at sun.nio.ch.SocketChannelImpl.read(SocketChannelImpl.java:426) ~[?:?]
	at io.netty.buffer.PooledByteBuf.setBytes(PooledByteBuf.java:253) ~[netty-buffer-4.1.69.Final.jar:4.1.69.Final]
	at io.netty.buffer.AbstractByteBuf.writeBytes(AbstractByteBuf.java:1132) ~[netty-buffer-4.1.69.Final.jar:4.1.69.Final]
	at io.netty.channel.socket.nio.NioSocketChannel.doReadBytes(NioSocketChannel.java:350) ~[netty-transport-4.1.69.Final.jar:4.1.69.Final]
	at io.netty.channel.nio.AbstractNioByteChannel$NioByteUnsafe.read(AbstractNioByteChannel.java:151) [netty-transport-4.1.69.Final.jar:4.1.69.Final]
	at io.netty.channel.nio.NioEventLoop.processSelectedKey(NioEventLoop.java:719) [netty-transport-4.1.69.Final.jar:4.1.69.Final]
	at io.netty.channel.nio.NioEventLoop.processSelectedKeysOptimized(NioEventLoop.java:655) [netty-transport-4.1.69.Final.jar:4.1.69.Final]
	at io.netty.channel.nio.NioEventLoop.processSelectedKeys(NioEventLoop.java:581) [netty-transport-4.1.69.Final.jar:4.1.69.Final]
	at io.netty.channel.nio.NioEventLoop.run(NioEventLoop.java:493) [netty-transport-4.1.69.Final.jar:4.1.69.Final]
	at io.netty.util.concurrent.SingleThreadEventExecutor$4.run(SingleThreadEventExecutor.java:986) [netty-common-4.1.69.Final.jar:4.1.69.Final]
	at io.netty.util.internal.ThreadExecutorMap$2.run(ThreadExecutorMap.java:74) [netty-common-4.1.69.Final.jar:4.1.69.Final]
	at io.netty.util.concurrent.FastThreadLocalRunnable.run(FastThreadLocalRunnable.java:30) [netty-common-4.1.69.Final.jar:4.1.69.Final]
	at java.lang.Thread.run(Thread.java:833) [?:?]
2022-08-10 12:35:28 INFO  SetUp - Browser Closed..
2022-08-10 12:38:41 INFO  Utils - [TestNG] Running:
  C:\Users\Madhusmita P\eclipse-workspace_2022_Jan_Batch\MasterFramework\src\test\resources\RunnerFiles\testng.xml

2022-08-10 12:38:41 INFO  SetUp - Test Case_VerifyCRMLogin_Successfully Started
2022-08-10 12:38:42 INFO  SetUp - Test Case_VerifyCRMLogin_get Skipped as its Runmode is 'NO' 
2022-08-10 12:38:42 INFO  SetUp - Test Case_NTBUnsecuredUnassisted_Successfully Started
2022-08-10 12:38:43 INFO  WebDriverManager - Using chromedriver 104.0.5112.79 (resolved driver for Chrome 104)
2022-08-10 12:38:43 INFO  WebDriverManager - Exporting webdriver.chrome.driver as C:\Users\Madhusmita P\.cache\selenium\chromedriver\win32\104.0.5112.79\chromedriver.exe
2022-08-10 12:38:46 INFO  SetUp - Chrome Browser Launched..
2022-08-10 12:38:53 INFO  SetUp - URL : https://crmdapuat.kotak.com/vivid/CreditCard.html
2022-08-10 12:40:22 ERROR CommonMethods - Not Sucessfully clicked on Product_preference_ID due to :Expected condition failed: waiting for visibility of element located by By.xpath: checkcheckbox1 (tried for 60 second(s) with 500 milliseconds interval)
Build info: version: '4.1.0', revision: '87802e897b'
System info: host: 'DESKTOP-TN4VH4B', ip: '192.168.0.10', os.name: 'Windows 10', os.arch: 'amd64', os.version: '10.0', java.version: '17.0.1'
Driver info: org.openqa.selenium.chrome.ChromeDriver
Capabilities {acceptInsecureCerts: false, browserName: chrome, browserVersion: 104.0.5112.81, chrome: {chromedriverVersion: 104.0.5112.79 (3cf3e8c8a07d..., userDataDir: C:\Users\MADHUS~1\AppData\L...}, goog:chromeOptions: {debuggerAddress: localhost:56628}, javascriptEnabled: true, networkConnectionEnabled: false, pageLoadStrategy: normal, platform: WINDOWS, platformName: WINDOWS, proxy: Proxy(), se:cdp: ws://localhost:56628/devtoo..., se:cdpVersion: 104.0.5112.81, setWindowRect: true, strictFileInteractability: false, timeouts: {implicit: 0, pageLoad: 300000, script: 30000}, unhandledPromptBehavior: dismiss and notify, webauthn:extension:credBlob: true, webauthn:extension:largeBlob: true, webauthn:virtualAuthenticators: true}
Session ID: 9ece13ac379d07287cdda23ba5691f7f
2022-08-10 12:41:23 ERROR SetUp - NTBUnsecuredUnassisted Get Failed due to 
Expected condition failed: waiting for element to be clickable: By.xpath: (//img[@alt='League Platinum'])[1] (tried for 60 second(s) with 500 milliseconds interval)
Build info: version: '4.1.0', revision: '87802e897b'
System info: host: 'DESKTOP-TN4VH4B', ip: '192.168.0.10', os.name: 'Windows 10', os.arch: 'amd64', os.version: '10.0', java.version: '17.0.1'
Driver info: org.openqa.selenium.chrome.ChromeDriver
Capabilities {acceptInsecureCerts: false, browserName: chrome, browserVersion: 104.0.5112.81, chrome: {chromedriverVersion: 104.0.5112.79 (3cf3e8c8a07d..., userDataDir: C:\Users\MADHUS~1\AppData\L...}, goog:chromeOptions: {debuggerAddress: localhost:56628}, javascriptEnabled: true, networkConnectionEnabled: false, pageLoadStrategy: normal, platform: WINDOWS, platformName: WINDOWS, proxy: Proxy(), se:cdp: ws://localhost:56628/devtoo..., se:cdpVersion: 104.0.5112.81, setWindowRect: true, strictFileInteractability: false, timeouts: {implicit: 0, pageLoad: 300000, script: 30000}, unhandledPromptBehavior: dismiss and notify, webauthn:extension:credBlob: true, webauthn:extension:largeBlob: true, webauthn:virtualAuthenticators: true}
Session ID: 9ece13ac379d07287cdda23ba5691f7f
2022-08-10 12:41:23 INFO  ScreenShot - ScreenShot captured NTBUnsecuredUnassisted || Status :Fail
2022-08-10 12:41:23 INFO  CommonMethods - Row num for TestScenario = NTBUnsecuredUnassisted is = 2
2022-08-10 12:41:24 INFO  ExcelOperation - Write to excel with : Row=2 | Cell =3 | Data =Fail
2022-08-10 12:41:27 INFO  SetUp - Browser Closed..
2022-08-10 13:04:53 INFO  Utils - [TestNG] Running:
  C:\Users\Madhusmita P\eclipse-workspace_2022_Jan_Batch\MasterFramework\src\test\resources\RunnerFiles\testng.xml

2022-08-10 13:04:53 INFO  SetUp - Test Case_VerifyCRMLogin_Successfully Started
2022-08-10 13:04:54 INFO  SetUp - Test Case_VerifyCRMLogin_get Skipped as its Runmode is 'NO' 
2022-08-10 13:04:54 INFO  SetUp - Test Case_NTBUnsecuredUnassisted_Successfully Started
2022-08-10 13:04:56 INFO  WebDriverManager - Using chromedriver 104.0.5112.79 (resolved driver for Chrome 104)
2022-08-10 13:04:56 INFO  WebDriverManager - Exporting webdriver.chrome.driver as C:\Users\Madhusmita P\.cache\selenium\chromedriver\win32\104.0.5112.79\chromedriver.exe
2022-08-10 13:05:02 INFO  SetUp - Chrome Browser Launched..
2022-08-10 13:05:03 INFO  SetUp - URL : https://crmdapuat.kotak.com/vivid/CreditCard.html
2022-08-10 13:06:28 ERROR CommonMethods - Not Sucessfully clicked on Product_preference_ID due to :Expected condition failed: waiting for visibility of element located by By.xpath: id_143939057837361 (tried for 60 second(s) with 500 milliseconds interval)
Build info: version: '4.1.0', revision: '87802e897b'
System info: host: 'DESKTOP-TN4VH4B', ip: '192.168.0.10', os.name: 'Windows 10', os.arch: 'amd64', os.version: '10.0', java.version: '17.0.1'
Driver info: org.openqa.selenium.chrome.ChromeDriver
Capabilities {acceptInsecureCerts: false, browserName: chrome, browserVersion: 104.0.5112.81, chrome: {chromedriverVersion: 104.0.5112.79 (3cf3e8c8a07d..., userDataDir: C:\Users\MADHUS~1\AppData\L...}, goog:chromeOptions: {debuggerAddress: localhost:57297}, javascriptEnabled: true, networkConnectionEnabled: false, pageLoadStrategy: normal, platform: WINDOWS, platformName: WINDOWS, proxy: Proxy(), se:cdp: ws://localhost:57297/devtoo..., se:cdpVersion: 104.0.5112.81, setWindowRect: true, strictFileInteractability: false, timeouts: {implicit: 0, pageLoad: 300000, script: 30000}, unhandledPromptBehavior: dismiss and notify, webauthn:extension:credBlob: true, webauthn:extension:largeBlob: true, webauthn:virtualAuthenticators: true}
Session ID: 54cc01adc86c8dd6a4421aaea9a01ad9
2022-08-10 13:07:29 ERROR SetUp - NTBUnsecuredUnassisted Get Failed due to 
Expected condition failed: waiting for element to be clickable: By.xpath: (//img[@alt='League Platinum'])[1] (tried for 60 second(s) with 500 milliseconds interval)
Build info: version: '4.1.0', revision: '87802e897b'
System info: host: 'DESKTOP-TN4VH4B', ip: '192.168.0.10', os.name: 'Windows 10', os.arch: 'amd64', os.version: '10.0', java.version: '17.0.1'
Driver info: org.openqa.selenium.chrome.ChromeDriver
Capabilities {acceptInsecureCerts: false, browserName: chrome, browserVersion: 104.0.5112.81, chrome: {chromedriverVersion: 104.0.5112.79 (3cf3e8c8a07d..., userDataDir: C:\Users\MADHUS~1\AppData\L...}, goog:chromeOptions: {debuggerAddress: localhost:57297}, javascriptEnabled: true, networkConnectionEnabled: false, pageLoadStrategy: normal, platform: WINDOWS, platformName: WINDOWS, proxy: Proxy(), se:cdp: ws://localhost:57297/devtoo..., se:cdpVersion: 104.0.5112.81, setWindowRect: true, strictFileInteractability: false, timeouts: {implicit: 0, pageLoad: 300000, script: 30000}, unhandledPromptBehavior: dismiss and notify, webauthn:extension:credBlob: true, webauthn:extension:largeBlob: true, webauthn:virtualAuthenticators: true}
Session ID: 54cc01adc86c8dd6a4421aaea9a01ad9
2022-08-10 13:07:29 INFO  ScreenShot - ScreenShot captured NTBUnsecuredUnassisted || Status :Fail
2022-08-10 13:07:30 INFO  CommonMethods - Row num for TestScenario = NTBUnsecuredUnassisted is = 2
2022-08-10 13:07:31 INFO  ExcelOperation - Write to excel with : Row=2 | Cell =3 | Data =Fail
2022-08-10 13:07:31 WARN  WebSocketHandler - onError
java.net.SocketException: Connection reset
	at sun.nio.ch.SocketChannelImpl.throwConnectionReset(SocketChannelImpl.java:394) ~[?:?]
	at sun.nio.ch.SocketChannelImpl.read(SocketChannelImpl.java:426) ~[?:?]
	at io.netty.buffer.PooledByteBuf.setBytes(PooledByteBuf.java:253) ~[netty-buffer-4.1.69.Final.jar:4.1.69.Final]
	at io.netty.buffer.AbstractByteBuf.writeBytes(AbstractByteBuf.java:1132) ~[netty-buffer-4.1.69.Final.jar:4.1.69.Final]
	at io.netty.channel.socket.nio.NioSocketChannel.doReadBytes(NioSocketChannel.java:350) ~[netty-transport-4.1.69.Final.jar:4.1.69.Final]
	at io.netty.channel.nio.AbstractNioByteChannel$NioByteUnsafe.read(AbstractNioByteChannel.java:151) [netty-transport-4.1.69.Final.jar:4.1.69.Final]
	at io.netty.channel.nio.NioEventLoop.processSelectedKey(NioEventLoop.java:719) [netty-transport-4.1.69.Final.jar:4.1.69.Final]
	at io.netty.channel.nio.NioEventLoop.processSelectedKeysOptimized(NioEventLoop.java:655) [netty-transport-4.1.69.Final.jar:4.1.69.Final]
	at io.netty.channel.nio.NioEventLoop.processSelectedKeys(NioEventLoop.java:581) [netty-transport-4.1.69.Final.jar:4.1.69.Final]
	at io.netty.channel.nio.NioEventLoop.run(NioEventLoop.java:493) [netty-transport-4.1.69.Final.jar:4.1.69.Final]
	at io.netty.util.concurrent.SingleThreadEventExecutor$4.run(SingleThreadEventExecutor.java:986) [netty-common-4.1.69.Final.jar:4.1.69.Final]
	at io.netty.util.internal.ThreadExecutorMap$2.run(ThreadExecutorMap.java:74) [netty-common-4.1.69.Final.jar:4.1.69.Final]
	at io.netty.util.concurrent.FastThreadLocalRunnable.run(FastThreadLocalRunnable.java:30) [netty-common-4.1.69.Final.jar:4.1.69.Final]
	at java.lang.Thread.run(Thread.java:833) [?:?]
2022-08-10 13:07:33 INFO  SetUp - Browser Closed..
2022-08-10 13:22:22 INFO  Utils - [TestNG] Running:
  C:\Users\Madhusmita P\eclipse-workspace_2022_Jan_Batch\MasterFramework\src\test\resources\RunnerFiles\testng.xml

2022-08-10 13:22:22 INFO  SetUp - Test Case_VerifyCRMLogin_Successfully Started
2022-08-10 13:22:24 INFO  SetUp - Test Case_VerifyCRMLogin_get Skipped as its Runmode is 'NO' 
2022-08-10 13:22:24 INFO  SetUp - Test Case_NTBUnsecuredUnassisted_Successfully Started
2022-08-10 13:22:25 INFO  WebDriverManager - Using chromedriver 104.0.5112.79 (resolved driver for Chrome 104)
2022-08-10 13:22:25 INFO  WebDriverManager - Exporting webdriver.chrome.driver as C:\Users\Madhusmita P\.cache\selenium\chromedriver\win32\104.0.5112.79\chromedriver.exe
2022-08-10 13:22:37 INFO  SetUp - Chrome Browser Launched..
2022-08-10 13:22:39 INFO  SetUp - URL : https://crmdapuat.kotak.com/vivid/CreditCard.html
2022-08-10 13:24:28 ERROR CommonMethods - Not Sucessfully clicked on Product_preference_ID due to :Expected condition failed: waiting for visibility of element located by By.xpath: id_143939057837480 (tried for 60 second(s) with 500 milliseconds interval)
Build info: version: '4.1.0', revision: '87802e897b'
System info: host: 'DESKTOP-TN4VH4B', ip: '192.168.0.10', os.name: 'Windows 10', os.arch: 'amd64', os.version: '10.0', java.version: '17.0.1'
Driver info: org.openqa.selenium.chrome.ChromeDriver
Capabilities {acceptInsecureCerts: false, browserName: chrome, browserVersion: 104.0.5112.81, chrome: {chromedriverVersion: 104.0.5112.79 (3cf3e8c8a07d..., userDataDir: C:\Users\MADHUS~1\AppData\L...}, goog:chromeOptions: {debuggerAddress: localhost:58132}, javascriptEnabled: true, networkConnectionEnabled: false, pageLoadStrategy: normal, platform: WINDOWS, platformName: WINDOWS, proxy: Proxy(), se:cdp: ws://localhost:58132/devtoo..., se:cdpVersion: 104.0.5112.81, setWindowRect: true, strictFileInteractability: false, timeouts: {implicit: 0, pageLoad: 300000, script: 30000}, unhandledPromptBehavior: dismiss and notify, webauthn:extension:credBlob: true, webauthn:extension:largeBlob: true, webauthn:virtualAuthenticators: true}
Session ID: 8823b4a072c8627634566b14b5c2d945
2022-08-10 13:25:29 ERROR SetUp - NTBUnsecuredUnassisted Get Failed due to 
Expected condition failed: waiting for element to be clickable: By.xpath: (//img[@alt='League Platinum'])[1] (tried for 60 second(s) with 500 milliseconds interval)
Build info: version: '4.1.0', revision: '87802e897b'
System info: host: 'DESKTOP-TN4VH4B', ip: '192.168.0.10', os.name: 'Windows 10', os.arch: 'amd64', os.version: '10.0', java.version: '17.0.1'
Driver info: org.openqa.selenium.chrome.ChromeDriver
Capabilities {acceptInsecureCerts: false, browserName: chrome, browserVersion: 104.0.5112.81, chrome: {chromedriverVersion: 104.0.5112.79 (3cf3e8c8a07d..., userDataDir: C:\Users\MADHUS~1\AppData\L...}, goog:chromeOptions: {debuggerAddress: localhost:58132}, javascriptEnabled: true, networkConnectionEnabled: false, pageLoadStrategy: normal, platform: WINDOWS, platformName: WINDOWS, proxy: Proxy(), se:cdp: ws://localhost:58132/devtoo..., se:cdpVersion: 104.0.5112.81, setWindowRect: true, strictFileInteractability: false, timeouts: {implicit: 0, pageLoad: 300000, script: 30000}, unhandledPromptBehavior: dismiss and notify, webauthn:extension:credBlob: true, webauthn:extension:largeBlob: true, webauthn:virtualAuthenticators: true}
Session ID: 8823b4a072c8627634566b14b5c2d945
2022-08-10 13:25:29 INFO  ScreenShot - ScreenShot captured NTBUnsecuredUnassisted || Status :Fail
2022-08-10 13:25:29 INFO  CommonMethods - Row num for TestScenario = NTBUnsecuredUnassisted is = 2
2022-08-10 13:25:30 INFO  ExcelOperation - Write to excel with : Row=2 | Cell =3 | Data =Fail
2022-08-10 13:25:35 INFO  SetUp - Browser Closed..
2022-08-10 13:26:56 INFO  Utils - [TestNG] Running:
  C:\Users\Madhusmita P\eclipse-workspace_2022_Jan_Batch\MasterFramework\src\test\resources\RunnerFiles\testng.xml

2022-08-10 13:26:56 INFO  SetUp - Test Case_VerifyCRMLogin_Successfully Started
2022-08-10 13:26:56 INFO  SetUp - Test Case_VerifyCRMLogin_get Skipped as its Runmode is 'NO' 
2022-08-10 13:26:57 INFO  SetUp - Test Case_NTBUnsecuredUnassisted_Successfully Started
2022-08-10 13:26:57 INFO  WebDriverManager - Using chromedriver 104.0.5112.79 (resolved driver for Chrome 104)
2022-08-10 13:26:57 INFO  WebDriverManager - Exporting webdriver.chrome.driver as C:\Users\Madhusmita P\.cache\selenium\chromedriver\win32\104.0.5112.79\chromedriver.exe
2022-08-10 13:27:03 INFO  SetUp - Chrome Browser Launched..
2022-08-10 13:27:04 INFO  SetUp - URL : https://crmdapuat.kotak.com/vivid/CreditCard.html
2022-08-10 13:28:30 ERROR CommonMethods - Not Sucessfully clicked on Product_preference_XPATH due to :Expected condition failed: waiting for visibility of element located by By.xpath: //input[@id='checkcheckbox1'] (tried for 60 second(s) with 500 milliseconds interval)
Build info: version: '4.1.0', revision: '87802e897b'
System info: host: 'DESKTOP-TN4VH4B', ip: '192.168.0.10', os.name: 'Windows 10', os.arch: 'amd64', os.version: '10.0', java.version: '17.0.1'
Driver info: org.openqa.selenium.chrome.ChromeDriver
Capabilities {acceptInsecureCerts: false, browserName: chrome, browserVersion: 104.0.5112.81, chrome: {chromedriverVersion: 104.0.5112.79 (3cf3e8c8a07d..., userDataDir: C:\Users\MADHUS~1\AppData\L...}, goog:chromeOptions: {debuggerAddress: localhost:58538}, javascriptEnabled: true, networkConnectionEnabled: false, pageLoadStrategy: normal, platform: WINDOWS, platformName: WINDOWS, proxy: Proxy(), se:cdp: ws://localhost:58538/devtoo..., se:cdpVersion: 104.0.5112.81, setWindowRect: true, strictFileInteractability: false, timeouts: {implicit: 0, pageLoad: 300000, script: 30000}, unhandledPromptBehavior: dismiss and notify, webauthn:extension:credBlob: true, webauthn:extension:largeBlob: true, webauthn:virtualAuthenticators: true}
Session ID: 9b283b6f56af7a095adb150a3b389086
2022-08-10 13:29:31 ERROR SetUp - NTBUnsecuredUnassisted Get Failed due to 
Expected condition failed: waiting for element to be clickable: By.xpath: (//img[@alt='League Platinum'])[1] (tried for 60 second(s) with 500 milliseconds interval)
Build info: version: '4.1.0', revision: '87802e897b'
System info: host: 'DESKTOP-TN4VH4B', ip: '192.168.0.10', os.name: 'Windows 10', os.arch: 'amd64', os.version: '10.0', java.version: '17.0.1'
Driver info: org.openqa.selenium.chrome.ChromeDriver
Capabilities {acceptInsecureCerts: false, browserName: chrome, browserVersion: 104.0.5112.81, chrome: {chromedriverVersion: 104.0.5112.79 (3cf3e8c8a07d..., userDataDir: C:\Users\MADHUS~1\AppData\L...}, goog:chromeOptions: {debuggerAddress: localhost:58538}, javascriptEnabled: true, networkConnectionEnabled: false, pageLoadStrategy: normal, platform: WINDOWS, platformName: WINDOWS, proxy: Proxy(), se:cdp: ws://localhost:58538/devtoo..., se:cdpVersion: 104.0.5112.81, setWindowRect: true, strictFileInteractability: false, timeouts: {implicit: 0, pageLoad: 300000, script: 30000}, unhandledPromptBehavior: dismiss and notify, webauthn:extension:credBlob: true, webauthn:extension:largeBlob: true, webauthn:virtualAuthenticators: true}
Session ID: 9b283b6f56af7a095adb150a3b389086
2022-08-10 13:29:31 INFO  ScreenShot - ScreenShot captured NTBUnsecuredUnassisted || Status :Fail
2022-08-10 13:29:32 INFO  CommonMethods - Row num for TestScenario = NTBUnsecuredUnassisted is = 2
2022-08-10 13:29:33 INFO  ExcelOperation - Write to excel with : Row=2 | Cell =3 | Data =Fail
2022-08-10 13:29:37 INFO  SetUp - Browser Closed..
2022-08-10 13:32:15 INFO  Utils - [TestNG] Running:
  C:\Users\Madhusmita P\eclipse-workspace_2022_Jan_Batch\MasterFramework\src\test\resources\RunnerFiles\testng.xml

2022-08-10 13:32:15 INFO  SetUp - Test Case_VerifyCRMLogin_Successfully Started
2022-08-10 13:32:16 INFO  SetUp - Test Case_VerifyCRMLogin_get Skipped as its Runmode is 'NO' 
2022-08-10 13:32:17 INFO  SetUp - Test Case_NTBUnsecuredUnassisted_Successfully Started
2022-08-10 13:32:17 INFO  WebDriverManager - Using chromedriver 104.0.5112.79 (resolved driver for Chrome 104)
2022-08-10 13:32:17 INFO  WebDriverManager - Exporting webdriver.chrome.driver as C:\Users\Madhusmita P\.cache\selenium\chromedriver\win32\104.0.5112.79\chromedriver.exe
2022-08-10 13:32:22 INFO  SetUp - Chrome Browser Launched..
2022-08-10 13:32:24 INFO  SetUp - URL : https://crmdapuat.kotak.com/vivid/CreditCard.html
2022-08-10 13:33:51 ERROR CommonMethods - Not Sucessfully clicked on Product_preference_RELCSSSELECTOR due to :Expected condition failed: waiting for visibility of element located by By.xpath: #checkcheckbox1 (tried for 60 second(s) with 500 milliseconds interval)
Build info: version: '4.1.0', revision: '87802e897b'
System info: host: 'DESKTOP-TN4VH4B', ip: '192.168.0.10', os.name: 'Windows 10', os.arch: 'amd64', os.version: '10.0', java.version: '17.0.1'
Driver info: org.openqa.selenium.chrome.ChromeDriver
Capabilities {acceptInsecureCerts: false, browserName: chrome, browserVersion: 104.0.5112.81, chrome: {chromedriverVersion: 104.0.5112.79 (3cf3e8c8a07d..., userDataDir: C:\Users\MADHUS~1\AppData\L...}, goog:chromeOptions: {debuggerAddress: localhost:58904}, javascriptEnabled: true, networkConnectionEnabled: false, pageLoadStrategy: normal, platform: WINDOWS, platformName: WINDOWS, proxy: Proxy(), se:cdp: ws://localhost:58904/devtoo..., se:cdpVersion: 104.0.5112.81, setWindowRect: true, strictFileInteractability: false, timeouts: {implicit: 0, pageLoad: 300000, script: 30000}, unhandledPromptBehavior: dismiss and notify, webauthn:extension:credBlob: true, webauthn:extension:largeBlob: true, webauthn:virtualAuthenticators: true}
Session ID: dcb5ac9b1b4cbb8e8638b923ac26e141
2022-08-10 13:34:52 ERROR SetUp - NTBUnsecuredUnassisted Get Failed due to 
Expected condition failed: waiting for element to be clickable: By.xpath: (//img[@alt='League Platinum'])[1] (tried for 60 second(s) with 500 milliseconds interval)
Build info: version: '4.1.0', revision: '87802e897b'
System info: host: 'DESKTOP-TN4VH4B', ip: '192.168.0.10', os.name: 'Windows 10', os.arch: 'amd64', os.version: '10.0', java.version: '17.0.1'
Driver info: org.openqa.selenium.chrome.ChromeDriver
Capabilities {acceptInsecureCerts: false, browserName: chrome, browserVersion: 104.0.5112.81, chrome: {chromedriverVersion: 104.0.5112.79 (3cf3e8c8a07d..., userDataDir: C:\Users\MADHUS~1\AppData\L...}, goog:chromeOptions: {debuggerAddress: localhost:58904}, javascriptEnabled: true, networkConnectionEnabled: false, pageLoadStrategy: normal, platform: WINDOWS, platformName: WINDOWS, proxy: Proxy(), se:cdp: ws://localhost:58904/devtoo..., se:cdpVersion: 104.0.5112.81, setWindowRect: true, strictFileInteractability: false, timeouts: {implicit: 0, pageLoad: 300000, script: 30000}, unhandledPromptBehavior: dismiss and notify, webauthn:extension:credBlob: true, webauthn:extension:largeBlob: true, webauthn:virtualAuthenticators: true}
Session ID: dcb5ac9b1b4cbb8e8638b923ac26e141
2022-08-10 13:34:52 INFO  ScreenShot - ScreenShot captured NTBUnsecuredUnassisted || Status :Fail
2022-08-10 13:34:53 INFO  CommonMethods - Row num for TestScenario = NTBUnsecuredUnassisted is = 2
2022-08-10 13:34:54 INFO  ExcelOperation - Write to excel with : Row=2 | Cell =3 | Data =Fail
2022-08-10 13:34:54 WARN  WebSocketHandler - onError
java.net.SocketException: Connection reset
	at sun.nio.ch.SocketChannelImpl.throwConnectionReset(SocketChannelImpl.java:394) ~[?:?]
	at sun.nio.ch.SocketChannelImpl.read(SocketChannelImpl.java:426) ~[?:?]
	at io.netty.buffer.PooledByteBuf.setBytes(PooledByteBuf.java:253) ~[netty-buffer-4.1.69.Final.jar:4.1.69.Final]
	at io.netty.buffer.AbstractByteBuf.writeBytes(AbstractByteBuf.java:1132) ~[netty-buffer-4.1.69.Final.jar:4.1.69.Final]
	at io.netty.channel.socket.nio.NioSocketChannel.doReadBytes(NioSocketChannel.java:350) ~[netty-transport-4.1.69.Final.jar:4.1.69.Final]
	at io.netty.channel.nio.AbstractNioByteChannel$NioByteUnsafe.read(AbstractNioByteChannel.java:151) [netty-transport-4.1.69.Final.jar:4.1.69.Final]
	at io.netty.channel.nio.NioEventLoop.processSelectedKey(NioEventLoop.java:719) [netty-transport-4.1.69.Final.jar:4.1.69.Final]
	at io.netty.channel.nio.NioEventLoop.processSelectedKeysOptimized(NioEventLoop.java:655) [netty-transport-4.1.69.Final.jar:4.1.69.Final]
	at io.netty.channel.nio.NioEventLoop.processSelectedKeys(NioEventLoop.java:581) [netty-transport-4.1.69.Final.jar:4.1.69.Final]
	at io.netty.channel.nio.NioEventLoop.run(NioEventLoop.java:493) [netty-transport-4.1.69.Final.jar:4.1.69.Final]
	at io.netty.util.concurrent.SingleThreadEventExecutor$4.run(SingleThreadEventExecutor.java:986) [netty-common-4.1.69.Final.jar:4.1.69.Final]
	at io.netty.util.internal.ThreadExecutorMap$2.run(ThreadExecutorMap.java:74) [netty-common-4.1.69.Final.jar:4.1.69.Final]
	at io.netty.util.concurrent.FastThreadLocalRunnable.run(FastThreadLocalRunnable.java:30) [netty-common-4.1.69.Final.jar:4.1.69.Final]
	at java.lang.Thread.run(Thread.java:833) [?:?]
2022-08-10 13:34:55 INFO  SetUp - Browser Closed..
2022-08-10 13:40:50 INFO  Utils - [TestNG] Running:
  C:\Users\Madhusmita P\eclipse-workspace_2022_Jan_Batch\MasterFramework\src\test\resources\RunnerFiles\testng.xml

2022-08-10 13:40:50 INFO  SetUp - Test Case_VerifyCRMLogin_Successfully Started
2022-08-10 13:40:51 INFO  SetUp - Test Case_VerifyCRMLogin_get Skipped as its Runmode is 'NO' 
2022-08-10 13:40:51 INFO  SetUp - Test Case_NTBUnsecuredUnassisted_Successfully Started
2022-08-10 13:40:52 INFO  WebDriverManager - Using chromedriver 104.0.5112.79 (resolved driver for Chrome 104)
2022-08-10 13:40:52 INFO  WebDriverManager - Exporting webdriver.chrome.driver as C:\Users\Madhusmita P\.cache\selenium\chromedriver\win32\104.0.5112.79\chromedriver.exe
2022-08-10 13:40:58 INFO  SetUp - Chrome Browser Launched..
2022-08-10 13:40:59 INFO  SetUp - URL : https://crmdapuat.kotak.com/vivid/CreditCard.html
2022-08-10 13:42:23 ERROR CommonMethods - Not Sucessfully clicked on Product_preference_XPATH due to :Expected condition failed: waiting for visibility of element located by By.xpath: (//input[@id='checkcheckbox1'])[1] (tried for 60 second(s) with 500 milliseconds interval)
Build info: version: '4.1.0', revision: '87802e897b'
System info: host: 'DESKTOP-TN4VH4B', ip: '192.168.0.10', os.name: 'Windows 10', os.arch: 'amd64', os.version: '10.0', java.version: '17.0.1'
Driver info: org.openqa.selenium.chrome.ChromeDriver
Capabilities {acceptInsecureCerts: false, browserName: chrome, browserVersion: 104.0.5112.81, chrome: {chromedriverVersion: 104.0.5112.79 (3cf3e8c8a07d..., userDataDir: C:\Users\MADHUS~1\AppData\L...}, goog:chromeOptions: {debuggerAddress: localhost:59457}, javascriptEnabled: true, networkConnectionEnabled: false, pageLoadStrategy: normal, platform: WINDOWS, platformName: WINDOWS, proxy: Proxy(), se:cdp: ws://localhost:59457/devtoo..., se:cdpVersion: 104.0.5112.81, setWindowRect: true, strictFileInteractability: false, timeouts: {implicit: 0, pageLoad: 300000, script: 30000}, unhandledPromptBehavior: dismiss and notify, webauthn:extension:credBlob: true, webauthn:extension:largeBlob: true, webauthn:virtualAuthenticators: true}
Session ID: 646927233526852809d642adc289d06f
2022-08-10 13:43:24 ERROR SetUp - NTBUnsecuredUnassisted Get Failed due to 
Expected condition failed: waiting for element to be clickable: By.xpath: (//img[@alt='League Platinum'])[1] (tried for 60 second(s) with 500 milliseconds interval)
Build info: version: '4.1.0', revision: '87802e897b'
System info: host: 'DESKTOP-TN4VH4B', ip: '192.168.0.10', os.name: 'Windows 10', os.arch: 'amd64', os.version: '10.0', java.version: '17.0.1'
Driver info: org.openqa.selenium.chrome.ChromeDriver
Capabilities {acceptInsecureCerts: false, browserName: chrome, browserVersion: 104.0.5112.81, chrome: {chromedriverVersion: 104.0.5112.79 (3cf3e8c8a07d..., userDataDir: C:\Users\MADHUS~1\AppData\L...}, goog:chromeOptions: {debuggerAddress: localhost:59457}, javascriptEnabled: true, networkConnectionEnabled: false, pageLoadStrategy: normal, platform: WINDOWS, platformName: WINDOWS, proxy: Proxy(), se:cdp: ws://localhost:59457/devtoo..., se:cdpVersion: 104.0.5112.81, setWindowRect: true, strictFileInteractability: false, timeouts: {implicit: 0, pageLoad: 300000, script: 30000}, unhandledPromptBehavior: dismiss and notify, webauthn:extension:credBlob: true, webauthn:extension:largeBlob: true, webauthn:virtualAuthenticators: true}
Session ID: 646927233526852809d642adc289d06f
2022-08-10 13:43:25 INFO  ScreenShot - ScreenShot captured NTBUnsecuredUnassisted || Status :Fail
2022-08-10 13:43:25 INFO  CommonMethods - Row num for TestScenario = NTBUnsecuredUnassisted is = 2
2022-08-10 13:43:26 INFO  ExcelOperation - Write to excel with : Row=2 | Cell =3 | Data =Fail
2022-08-10 13:43:26 WARN  WebSocketHandler - onError
java.net.SocketException: Connection reset
	at sun.nio.ch.SocketChannelImpl.throwConnectionReset(SocketChannelImpl.java:394) ~[?:?]
	at sun.nio.ch.SocketChannelImpl.read(SocketChannelImpl.java:426) ~[?:?]
	at io.netty.buffer.PooledByteBuf.setBytes(PooledByteBuf.java:253) ~[netty-buffer-4.1.69.Final.jar:4.1.69.Final]
	at io.netty.buffer.AbstractByteBuf.writeBytes(AbstractByteBuf.java:1132) ~[netty-buffer-4.1.69.Final.jar:4.1.69.Final]
	at io.netty.channel.socket.nio.NioSocketChannel.doReadBytes(NioSocketChannel.java:350) ~[netty-transport-4.1.69.Final.jar:4.1.69.Final]
	at io.netty.channel.nio.AbstractNioByteChannel$NioByteUnsafe.read(AbstractNioByteChannel.java:151) [netty-transport-4.1.69.Final.jar:4.1.69.Final]
	at io.netty.channel.nio.NioEventLoop.processSelectedKey(NioEventLoop.java:719) [netty-transport-4.1.69.Final.jar:4.1.69.Final]
	at io.netty.channel.nio.NioEventLoop.processSelectedKeysOptimized(NioEventLoop.java:655) [netty-transport-4.1.69.Final.jar:4.1.69.Final]
	at io.netty.channel.nio.NioEventLoop.processSelectedKeys(NioEventLoop.java:581) [netty-transport-4.1.69.Final.jar:4.1.69.Final]
	at io.netty.channel.nio.NioEventLoop.run(NioEventLoop.java:493) [netty-transport-4.1.69.Final.jar:4.1.69.Final]
	at io.netty.util.concurrent.SingleThreadEventExecutor$4.run(SingleThreadEventExecutor.java:986) [netty-common-4.1.69.Final.jar:4.1.69.Final]
	at io.netty.util.internal.ThreadExecutorMap$2.run(ThreadExecutorMap.java:74) [netty-common-4.1.69.Final.jar:4.1.69.Final]
	at io.netty.util.concurrent.FastThreadLocalRunnable.run(FastThreadLocalRunnable.java:30) [netty-common-4.1.69.Final.jar:4.1.69.Final]
	at java.lang.Thread.run(Thread.java:833) [?:?]
2022-08-10 13:43:28 INFO  SetUp - Browser Closed..
2022-08-10 14:40:05 INFO  Utils - [TestNG] Running:
  C:\Users\Madhusmita P\eclipse-workspace_2022_Jan_Batch\MasterFramework\src\test\resources\RunnerFiles\testng.xml

2022-08-10 14:40:05 INFO  SetUp - Test Case_VerifyCRMLogin_Successfully Started
2022-08-10 14:40:06 INFO  SetUp - Test Case_VerifyCRMLogin_get Skipped as its Runmode is 'NO' 
2022-08-10 14:40:06 INFO  SetUp - Test Case_NTBUnsecuredUnassisted_Successfully Started
2022-08-10 14:40:09 INFO  WebDriverManager - Using chromedriver 104.0.5112.79 (resolved driver for Chrome 104)
2022-08-10 14:40:09 INFO  WebDriverManager - Exporting webdriver.chrome.driver as C:\Users\Madhusmita P\.cache\selenium\chromedriver\win32\104.0.5112.79\chromedriver.exe
2022-08-10 14:40:13 INFO  SetUp - Chrome Browser Launched..
2022-08-10 14:40:14 INFO  SetUp - URL : https://crmdapuat.kotak.com/vivid/CreditCard.html
2022-08-10 14:42:01 ERROR CommonMethods - Not able to Mouseclick due to Expected condition failed: waiting for visibility of element located by By.xpath: id_143939057837480 (tried for 60 second(s) with 500 milliseconds interval)
Build info: version: '4.1.0', revision: '87802e897b'
System info: host: 'DESKTOP-TN4VH4B', ip: '192.168.0.10', os.name: 'Windows 10', os.arch: 'amd64', os.version: '10.0', java.version: '17.0.1'
Driver info: org.openqa.selenium.chrome.ChromeDriver
Capabilities {acceptInsecureCerts: false, browserName: chrome, browserVersion: 104.0.5112.81, chrome: {chromedriverVersion: 104.0.5112.79 (3cf3e8c8a07d..., userDataDir: C:\Users\MADHUS~1\AppData\L...}, goog:chromeOptions: {debuggerAddress: localhost:61880}, javascriptEnabled: true, networkConnectionEnabled: false, pageLoadStrategy: normal, platform: WINDOWS, platformName: WINDOWS, proxy: Proxy(), se:cdp: ws://localhost:61880/devtoo..., se:cdpVersion: 104.0.5112.81, setWindowRect: true, strictFileInteractability: false, timeouts: {implicit: 0, pageLoad: 300000, script: 30000}, unhandledPromptBehavior: dismiss and notify, webauthn:extension:credBlob: true, webauthn:extension:largeBlob: true, webauthn:virtualAuthenticators: true}
Session ID: 0a3a21f042343333df5df7dae807b1a2
2022-08-10 14:43:02 ERROR SetUp - NTBUnsecuredUnassisted Get Failed due to 
Expected condition failed: waiting for element to be clickable: By.xpath: (//img[@alt='League Platinum'])[1] (tried for 60 second(s) with 500 milliseconds interval)
Build info: version: '4.1.0', revision: '87802e897b'
System info: host: 'DESKTOP-TN4VH4B', ip: '192.168.0.10', os.name: 'Windows 10', os.arch: 'amd64', os.version: '10.0', java.version: '17.0.1'
Driver info: org.openqa.selenium.chrome.ChromeDriver
Capabilities {acceptInsecureCerts: false, browserName: chrome, browserVersion: 104.0.5112.81, chrome: {chromedriverVersion: 104.0.5112.79 (3cf3e8c8a07d..., userDataDir: C:\Users\MADHUS~1\AppData\L...}, goog:chromeOptions: {debuggerAddress: localhost:61880}, javascriptEnabled: true, networkConnectionEnabled: false, pageLoadStrategy: normal, platform: WINDOWS, platformName: WINDOWS, proxy: Proxy(), se:cdp: ws://localhost:61880/devtoo..., se:cdpVersion: 104.0.5112.81, setWindowRect: true, strictFileInteractability: false, timeouts: {implicit: 0, pageLoad: 300000, script: 30000}, unhandledPromptBehavior: dismiss and notify, webauthn:extension:credBlob: true, webauthn:extension:largeBlob: true, webauthn:virtualAuthenticators: true}
Session ID: 0a3a21f042343333df5df7dae807b1a2
2022-08-10 14:43:02 INFO  ScreenShot - ScreenShot captured NTBUnsecuredUnassisted || Status :Fail
2022-08-10 14:43:03 INFO  CommonMethods - Row num for TestScenario = NTBUnsecuredUnassisted is = 2
2022-08-10 14:43:04 INFO  ExcelOperation - Write to excel with : Row=2 | Cell =3 | Data =Fail
2022-08-10 14:43:07 INFO  SetUp - Browser Closed..
2022-08-10 15:32:34 INFO  Utils - [TestNG] Running:
  C:\Users\Madhusmita P\eclipse-workspace_2022_Jan_Batch\MasterFramework\src\test\resources\RunnerFiles\testng.xml

2022-08-10 15:32:34 INFO  SetUp - Test Case_VerifyCRMLogin_Successfully Started
2022-08-10 15:32:35 INFO  SetUp - Test Case_VerifyCRMLogin_get Skipped as its Runmode is 'NO' 
2022-08-10 15:32:36 INFO  SetUp - Test Case_NTBUnsecuredUnassisted_Successfully Started
2022-08-10 15:32:36 INFO  WebDriverManager - Using chromedriver 104.0.5112.79 (resolved driver for Chrome 104)
2022-08-10 15:32:36 INFO  WebDriverManager - Exporting webdriver.chrome.driver as C:\Users\Madhusmita P\.cache\selenium\chromedriver\win32\104.0.5112.79\chromedriver.exe
2022-08-10 15:32:49 INFO  SetUp - Chrome Browser Launched..
2022-08-10 15:32:51 INFO  SetUp - URL : https://crmdapuat.kotak.com/vivid/CreditCard.html
2022-08-10 15:34:17 ERROR CommonMethods - Not able to Mouseclick due to Expected condition failed: waiting for visibility of element located by By.xpath: checkcheckbox1 (tried for 60 second(s) with 500 milliseconds interval)
Build info: version: '4.1.0', revision: '87802e897b'
System info: host: 'DESKTOP-TN4VH4B', ip: '192.168.0.10', os.name: 'Windows 10', os.arch: 'amd64', os.version: '10.0', java.version: '17.0.1'
Driver info: org.openqa.selenium.chrome.ChromeDriver
Capabilities {acceptInsecureCerts: false, browserName: chrome, browserVersion: 104.0.5112.81, chrome: {chromedriverVersion: 104.0.5112.79 (3cf3e8c8a07d..., userDataDir: C:\Users\MADHUS~1\AppData\L...}, goog:chromeOptions: {debuggerAddress: localhost:50669}, javascriptEnabled: true, networkConnectionEnabled: false, pageLoadStrategy: normal, platform: WINDOWS, platformName: WINDOWS, proxy: Proxy(), se:cdp: ws://localhost:50669/devtoo..., se:cdpVersion: 104.0.5112.81, setWindowRect: true, strictFileInteractability: false, timeouts: {implicit: 0, pageLoad: 300000, script: 30000}, unhandledPromptBehavior: dismiss and notify, webauthn:extension:credBlob: true, webauthn:extension:largeBlob: true, webauthn:virtualAuthenticators: true}
Session ID: 2efee2c209babdb69b39945c44c4edbc
2022-08-10 15:35:18 ERROR SetUp - NTBUnsecuredUnassisted Get Failed due to 
Expected condition failed: waiting for element to be clickable: By.xpath: (//img[@alt='League Platinum'])[1] (tried for 60 second(s) with 500 milliseconds interval)
Build info: version: '4.1.0', revision: '87802e897b'
System info: host: 'DESKTOP-TN4VH4B', ip: '192.168.0.10', os.name: 'Windows 10', os.arch: 'amd64', os.version: '10.0', java.version: '17.0.1'
Driver info: org.openqa.selenium.chrome.ChromeDriver
Capabilities {acceptInsecureCerts: false, browserName: chrome, browserVersion: 104.0.5112.81, chrome: {chromedriverVersion: 104.0.5112.79 (3cf3e8c8a07d..., userDataDir: C:\Users\MADHUS~1\AppData\L...}, goog:chromeOptions: {debuggerAddress: localhost:50669}, javascriptEnabled: true, networkConnectionEnabled: false, pageLoadStrategy: normal, platform: WINDOWS, platformName: WINDOWS, proxy: Proxy(), se:cdp: ws://localhost:50669/devtoo..., se:cdpVersion: 104.0.5112.81, setWindowRect: true, strictFileInteractability: false, timeouts: {implicit: 0, pageLoad: 300000, script: 30000}, unhandledPromptBehavior: dismiss and notify, webauthn:extension:credBlob: true, webauthn:extension:largeBlob: true, webauthn:virtualAuthenticators: true}
Session ID: 2efee2c209babdb69b39945c44c4edbc
2022-08-10 15:35:18 INFO  ScreenShot - ScreenShot captured NTBUnsecuredUnassisted || Status :Fail
2022-08-10 15:35:18 INFO  CommonMethods - Row num for TestScenario = NTBUnsecuredUnassisted is = 2
2022-08-10 15:35:19 INFO  ExcelOperation - Write to excel with : Row=2 | Cell =3 | Data =Fail
2022-08-10 15:35:20 WARN  WebSocketHandler - onError
java.net.SocketException: Connection reset
	at sun.nio.ch.SocketChannelImpl.throwConnectionReset(SocketChannelImpl.java:394) ~[?:?]
	at sun.nio.ch.SocketChannelImpl.read(SocketChannelImpl.java:426) ~[?:?]
	at io.netty.buffer.PooledByteBuf.setBytes(PooledByteBuf.java:253) ~[netty-buffer-4.1.69.Final.jar:4.1.69.Final]
	at io.netty.buffer.AbstractByteBuf.writeBytes(AbstractByteBuf.java:1132) ~[netty-buffer-4.1.69.Final.jar:4.1.69.Final]
	at io.netty.channel.socket.nio.NioSocketChannel.doReadBytes(NioSocketChannel.java:350) ~[netty-transport-4.1.69.Final.jar:4.1.69.Final]
	at io.netty.channel.nio.AbstractNioByteChannel$NioByteUnsafe.read(AbstractNioByteChannel.java:151) [netty-transport-4.1.69.Final.jar:4.1.69.Final]
	at io.netty.channel.nio.NioEventLoop.processSelectedKey(NioEventLoop.java:719) [netty-transport-4.1.69.Final.jar:4.1.69.Final]
	at io.netty.channel.nio.NioEventLoop.processSelectedKeysOptimized(NioEventLoop.java:655) [netty-transport-4.1.69.Final.jar:4.1.69.Final]
	at io.netty.channel.nio.NioEventLoop.processSelectedKeys(NioEventLoop.java:581) [netty-transport-4.1.69.Final.jar:4.1.69.Final]
	at io.netty.channel.nio.NioEventLoop.run(NioEventLoop.java:493) [netty-transport-4.1.69.Final.jar:4.1.69.Final]
	at io.netty.util.concurrent.SingleThreadEventExecutor$4.run(SingleThreadEventExecutor.java:986) [netty-common-4.1.69.Final.jar:4.1.69.Final]
	at io.netty.util.internal.ThreadExecutorMap$2.run(ThreadExecutorMap.java:74) [netty-common-4.1.69.Final.jar:4.1.69.Final]
	at io.netty.util.concurrent.FastThreadLocalRunnable.run(FastThreadLocalRunnable.java:30) [netty-common-4.1.69.Final.jar:4.1.69.Final]
	at java.lang.Thread.run(Thread.java:833) [?:?]
2022-08-10 15:35:21 INFO  SetUp - Browser Closed..
2022-08-10 15:38:37 INFO  Utils - [TestNG] Running:
  C:\Users\Madhusmita P\eclipse-workspace_2022_Jan_Batch\MasterFramework\src\test\resources\RunnerFiles\testng.xml

2022-08-10 15:38:37 INFO  SetUp - Test Case_VerifyCRMLogin_Successfully Started
2022-08-10 15:38:38 INFO  SetUp - Test Case_VerifyCRMLogin_get Skipped as its Runmode is 'NO' 
2022-08-10 15:38:39 INFO  SetUp - Test Case_NTBUnsecuredUnassisted_Successfully Started
2022-08-10 15:38:39 INFO  WebDriverManager - Using chromedriver 104.0.5112.79 (resolved driver for Chrome 104)
2022-08-10 15:38:39 INFO  WebDriverManager - Exporting webdriver.chrome.driver as C:\Users\Madhusmita P\.cache\selenium\chromedriver\win32\104.0.5112.79\chromedriver.exe
2022-08-10 15:38:45 INFO  SetUp - Chrome Browser Launched..
2022-08-10 15:38:47 INFO  SetUp - URL : https://crmdapuat.kotak.com/vivid/CreditCard.html
2022-08-10 15:40:13 ERROR CommonMethods - Not able to Mouseclick due to Expected condition failed: waiting for visibility of element located by By.xpath: (//input[@id='checkcheckbox1'])[1] (tried for 60 second(s) with 500 milliseconds interval)
Build info: version: '4.1.0', revision: '87802e897b'
System info: host: 'DESKTOP-TN4VH4B', ip: '192.168.0.10', os.name: 'Windows 10', os.arch: 'amd64', os.version: '10.0', java.version: '17.0.1'
Driver info: org.openqa.selenium.chrome.ChromeDriver
Capabilities {acceptInsecureCerts: false, browserName: chrome, browserVersion: 104.0.5112.81, chrome: {chromedriverVersion: 104.0.5112.79 (3cf3e8c8a07d..., userDataDir: C:\Users\MADHUS~1\AppData\L...}, goog:chromeOptions: {debuggerAddress: localhost:51105}, javascriptEnabled: true, networkConnectionEnabled: false, pageLoadStrategy: normal, platform: WINDOWS, platformName: WINDOWS, proxy: Proxy(), se:cdp: ws://localhost:51105/devtoo..., se:cdpVersion: 104.0.5112.81, setWindowRect: true, strictFileInteractability: false, timeouts: {implicit: 0, pageLoad: 300000, script: 30000}, unhandledPromptBehavior: dismiss and notify, webauthn:extension:credBlob: true, webauthn:extension:largeBlob: true, webauthn:virtualAuthenticators: true}
Session ID: a8f9716a521d5f8d8bc25395f7192957
2022-08-10 15:40:17 ERROR SetUp - NTBUnsecuredUnassisted Get Failed due to 
element not interactable
  (Session info: chrome=104.0.5112.81)
Build info: version: '4.1.0', revision: '87802e897b'
System info: host: 'DESKTOP-TN4VH4B', ip: '192.168.0.10', os.name: 'Windows 10', os.arch: 'amd64', os.version: '10.0', java.version: '17.0.1'
Driver info: org.openqa.selenium.chrome.ChromeDriver
Command: [a8f9716a521d5f8d8bc25395f7192957, clickElement {id=7b1eeb6e-5c24-4eb7-8230-e4e74f6b21ad}]
Capabilities {acceptInsecureCerts: false, browserName: chrome, browserVersion: 104.0.5112.81, chrome: {chromedriverVersion: 104.0.5112.79 (3cf3e8c8a07d..., userDataDir: C:\Users\MADHUS~1\AppData\L...}, goog:chromeOptions: {debuggerAddress: localhost:51105}, javascriptEnabled: true, networkConnectionEnabled: false, pageLoadStrategy: normal, platform: WINDOWS, platformName: WINDOWS, proxy: Proxy(), se:cdp: ws://localhost:51105/devtoo..., se:cdpVersion: 104.0.5112.81, setWindowRect: true, strictFileInteractability: false, timeouts: {implicit: 0, pageLoad: 300000, script: 30000}, unhandledPromptBehavior: dismiss and notify, webauthn:extension:credBlob: true, webauthn:extension:largeBlob: true, webauthn:virtualAuthenticators: true}
Element: [[ChromeDriver: chrome on WINDOWS (a8f9716a521d5f8d8bc25395f7192957)] -> xpath: (//img[@alt='League Platinum'])[1]]
Session ID: a8f9716a521d5f8d8bc25395f7192957
2022-08-10 15:40:20 INFO  ScreenShot - ScreenShot captured NTBUnsecuredUnassisted || Status :Fail
2022-08-10 15:40:20 INFO  CommonMethods - Row num for TestScenario = NTBUnsecuredUnassisted is = 2
2022-08-10 15:40:21 INFO  ExcelOperation - Write to excel with : Row=2 | Cell =3 | Data =Fail
2022-08-10 15:40:26 INFO  SetUp - Browser Closed..
2022-08-10 16:06:53 INFO  Utils - [TestNG] Running:
  C:\Users\Madhusmita P\eclipse-workspace_2022_Jan_Batch\MasterFramework\src\test\resources\RunnerFiles\testng.xml

2022-08-10 16:06:53 INFO  SetUp - Test Case_VerifyCRMLogin_Successfully Started
2022-08-10 16:06:54 INFO  SetUp - Test Case_VerifyCRMLogin_get Skipped as its Runmode is 'NO' 
2022-08-10 16:06:54 INFO  SetUp - Test Case_NTBUnsecuredUnassisted_Successfully Started
2022-08-10 16:06:56 INFO  WebDriverManager - Using chromedriver 104.0.5112.79 (resolved driver for Chrome 104)
2022-08-10 16:06:56 INFO  WebDriverManager - Exporting webdriver.chrome.driver as C:\Users\Madhusmita P\.cache\selenium\chromedriver\win32\104.0.5112.79\chromedriver.exe
2022-08-10 16:07:01 INFO  SetUp - Chrome Browser Launched..
2022-08-10 16:07:03 INFO  SetUp - URL : https://crmdapuat.kotak.com/vivid/CreditCard.html
2022-08-10 16:07:59 INFO  SetUp - Test Case_NTBUnsecuredUnassisted_Successfully Passed
2022-08-10 16:08:00 INFO  CommonMethods - Row num for TestScenario = NTBUnsecuredUnassisted is = 2
2022-08-10 16:08:01 INFO  ExcelOperation - Write to excel with : Row=2 | Cell =3 | Data =Pass
2022-08-10 16:08:04 INFO  SetUp - Browser Closed..
2022-08-10 16:14:07 INFO  Utils - [TestNG] Running:
  C:\Users\Madhusmita P\eclipse-workspace_2022_Jan_Batch\MasterFramework\src\test\resources\RunnerFiles\testng.xml

2022-08-10 16:14:07 INFO  SetUp - Test Case_VerifyCRMLogin_Successfully Started
2022-08-10 16:14:08 INFO  SetUp - Test Case_VerifyCRMLogin_get Skipped as its Runmode is 'NO' 
2022-08-10 16:14:08 INFO  SetUp - Test Case_NTBUnsecuredUnassisted_Successfully Started
2022-08-10 16:14:09 INFO  WebDriverManager - Using chromedriver 104.0.5112.79 (resolved driver for Chrome 104)
2022-08-10 16:14:09 INFO  WebDriverManager - Exporting webdriver.chrome.driver as C:\Users\Madhusmita P\.cache\selenium\chromedriver\win32\104.0.5112.79\chromedriver.exe
2022-08-10 16:14:13 INFO  SetUp - Chrome Browser Launched..
2022-08-10 16:14:15 INFO  SetUp - URL : https://crmdapuat.kotak.com/vivid/CreditCard.html
2022-08-10 16:16:02 ERROR CommonMethods - Not Sucessfully clicked on Monthly_income_ID due to :Expected condition failed: waiting for visibility of element located by By.xpath: ddl1_2_dropdownMatUi (tried for 60 second(s) with 500 milliseconds interval)
Build info: version: '4.1.0', revision: '87802e897b'
System info: host: 'DESKTOP-TN4VH4B', ip: '192.168.0.10', os.name: 'Windows 10', os.arch: 'amd64', os.version: '10.0', java.version: '17.0.1'
Driver info: org.openqa.selenium.chrome.ChromeDriver
Capabilities {acceptInsecureCerts: false, browserName: chrome, browserVersion: 104.0.5112.81, chrome: {chromedriverVersion: 104.0.5112.79 (3cf3e8c8a07d..., userDataDir: C:\Users\MADHUS~1\AppData\L...}, goog:chromeOptions: {debuggerAddress: localhost:52546}, javascriptEnabled: true, networkConnectionEnabled: false, pageLoadStrategy: normal, platform: WINDOWS, platformName: WINDOWS, proxy: Proxy(), se:cdp: ws://localhost:52546/devtoo..., se:cdpVersion: 104.0.5112.81, setWindowRect: true, strictFileInteractability: false, timeouts: {implicit: 0, pageLoad: 300000, script: 30000}, unhandledPromptBehavior: dismiss and notify, webauthn:extension:credBlob: true, webauthn:extension:largeBlob: true, webauthn:virtualAuthenticators: true}
Session ID: ff4e5ef75005786ddeb6c0cff664984c
2022-08-10 16:16:15 INFO  SetUp - Test Case_NTBUnsecuredUnassisted_Successfully Passed
2022-08-10 16:16:16 INFO  CommonMethods - Row num for TestScenario = NTBUnsecuredUnassisted is = 2
2022-08-10 16:16:17 INFO  ExcelOperation - Write to excel with : Row=2 | Cell =3 | Data =Pass
2022-08-10 16:16:21 INFO  SetUp - Browser Closed..
2022-08-10 16:21:27 INFO  Utils - [TestNG] Running:
  C:\Users\Madhusmita P\eclipse-workspace_2022_Jan_Batch\MasterFramework\src\test\resources\RunnerFiles\testng.xml

2022-08-10 16:21:27 INFO  SetUp - Test Case_VerifyCRMLogin_Successfully Started
2022-08-10 16:21:28 INFO  SetUp - Test Case_VerifyCRMLogin_get Skipped as its Runmode is 'NO' 
2022-08-10 16:21:28 INFO  SetUp - Test Case_NTBUnsecuredUnassisted_Successfully Started
2022-08-10 16:21:29 INFO  WebDriverManager - Using chromedriver 104.0.5112.79 (resolved driver for Chrome 104)
2022-08-10 16:21:29 INFO  WebDriverManager - Exporting webdriver.chrome.driver as C:\Users\Madhusmita P\.cache\selenium\chromedriver\win32\104.0.5112.79\chromedriver.exe
2022-08-10 16:21:37 INFO  SetUp - Chrome Browser Launched..
2022-08-10 16:21:38 INFO  SetUp - URL : https://crmdapuat.kotak.com/vivid/CreditCard.html
2022-08-10 16:23:27 ERROR CommonMethods - Not Sucessfully clicked on Monthly_income_ID due to :Expected condition failed: waiting for visibility of element located by By.xpath: ddl1_2_dropdownMatUi (tried for 60 second(s) with 500 milliseconds interval)
Build info: version: '4.1.0', revision: '87802e897b'
System info: host: 'DESKTOP-TN4VH4B', ip: '192.168.0.10', os.name: 'Windows 10', os.arch: 'amd64', os.version: '10.0', java.version: '17.0.1'
Driver info: org.openqa.selenium.chrome.ChromeDriver
Capabilities {acceptInsecureCerts: false, browserName: chrome, browserVersion: 104.0.5112.81, chrome: {chromedriverVersion: 104.0.5112.79 (3cf3e8c8a07d..., userDataDir: C:\Users\MADHUS~1\AppData\L...}, goog:chromeOptions: {debuggerAddress: localhost:53039}, javascriptEnabled: true, networkConnectionEnabled: false, pageLoadStrategy: normal, platform: WINDOWS, platformName: WINDOWS, proxy: Proxy(), se:cdp: ws://localhost:53039/devtoo..., se:cdpVersion: 104.0.5112.81, setWindowRect: true, strictFileInteractability: false, timeouts: {implicit: 0, pageLoad: 300000, script: 30000}, unhandledPromptBehavior: dismiss and notify, webauthn:extension:credBlob: true, webauthn:extension:largeBlob: true, webauthn:virtualAuthenticators: true}
Session ID: 7c86a484e69442442e1dbcef53de9ecb
2022-08-10 16:23:27 INFO  CommonMethods - Sucessfully clicked on Salary_Range_XPATH
2022-08-10 16:23:38 INFO  SetUp - Test Case_NTBUnsecuredUnassisted_Successfully Passed
2022-08-10 16:23:38 INFO  CommonMethods - Row num for TestScenario = NTBUnsecuredUnassisted is = 2
2022-08-10 16:23:39 INFO  ExcelOperation - Write to excel with : Row=2 | Cell =3 | Data =Pass
2022-08-10 16:23:44 INFO  SetUp - Browser Closed..
2022-08-10 16:30:00 INFO  Utils - [TestNG] Running:
  C:\Users\Madhusmita P\eclipse-workspace_2022_Jan_Batch\MasterFramework\src\test\resources\RunnerFiles\testng.xml

2022-08-10 16:30:00 INFO  SetUp - Test Case_VerifyCRMLogin_Successfully Started
2022-08-10 16:30:01 INFO  SetUp - Test Case_VerifyCRMLogin_get Skipped as its Runmode is 'NO' 
2022-08-10 16:30:02 INFO  SetUp - Test Case_NTBUnsecuredUnassisted_Successfully Started
2022-08-10 16:30:03 INFO  WebDriverManager - Using chromedriver 104.0.5112.79 (resolved driver for Chrome 104)
2022-08-10 16:30:03 INFO  WebDriverManager - Exporting webdriver.chrome.driver as C:\Users\Madhusmita P\.cache\selenium\chromedriver\win32\104.0.5112.79\chromedriver.exe
2022-08-10 16:30:11 INFO  SetUp - Chrome Browser Launched..
2022-08-10 16:30:13 INFO  SetUp - URL : https://crmdapuat.kotak.com/vivid/CreditCard.html
2022-08-10 16:32:19 ERROR CommonMethods - Not Sucessfully clicked on Monthly_income_ID due to :Expected condition failed: waiting for visibility of element located by By.xpath: ddl1_2_dropdownMatUi (tried for 60 second(s) with 500 milliseconds interval)
Build info: version: '4.1.0', revision: '87802e897b'
System info: host: 'DESKTOP-TN4VH4B', ip: '192.168.0.10', os.name: 'Windows 10', os.arch: 'amd64', os.version: '10.0', java.version: '17.0.1'
Driver info: org.openqa.selenium.chrome.ChromeDriver
Capabilities {acceptInsecureCerts: false, browserName: chrome, browserVersion: 104.0.5112.81, chrome: {chromedriverVersion: 104.0.5112.79 (3cf3e8c8a07d..., userDataDir: C:\Users\MADHUS~1\AppData\L...}, goog:chromeOptions: {debuggerAddress: localhost:53916}, javascriptEnabled: true, networkConnectionEnabled: false, pageLoadStrategy: normal, platform: WINDOWS, platformName: WINDOWS, proxy: Proxy(), se:cdp: ws://localhost:53916/devtoo..., se:cdpVersion: 104.0.5112.81, setWindowRect: true, strictFileInteractability: false, timeouts: {implicit: 0, pageLoad: 300000, script: 30000}, unhandledPromptBehavior: dismiss and notify, webauthn:extension:credBlob: true, webauthn:extension:largeBlob: true, webauthn:virtualAuthenticators: true}
Session ID: 11be3f4467be89dfc2aa0428af9c4a8c
2022-08-10 16:32:19 INFO  CommonMethods - Sucessfully clicked on Salary_Range_XPATH
2022-08-10 16:32:19 ERROR CommonMethods - Not Sucessfully clicked on c_75946701414 due to :Cannot find elements when the XPath is null.
2022-08-10 16:33:20 ERROR SetUp - NTBUnsecuredUnassisted Get Failed due to 
Expected condition failed: waiting for element to be clickable: By.xpath: (//img[@alt='League Platinum'])[1] (tried for 60 second(s) with 500 milliseconds interval)
Build info: version: '4.1.0', revision: '87802e897b'
System info: host: 'DESKTOP-TN4VH4B', ip: '192.168.0.10', os.name: 'Windows 10', os.arch: 'amd64', os.version: '10.0', java.version: '17.0.1'
Driver info: org.openqa.selenium.chrome.ChromeDriver
Capabilities {acceptInsecureCerts: false, browserName: chrome, browserVersion: 104.0.5112.81, chrome: {chromedriverVersion: 104.0.5112.79 (3cf3e8c8a07d..., userDataDir: C:\Users\MADHUS~1\AppData\L...}, goog:chromeOptions: {debuggerAddress: localhost:53916}, javascriptEnabled: true, networkConnectionEnabled: false, pageLoadStrategy: normal, platform: WINDOWS, platformName: WINDOWS, proxy: Proxy(), se:cdp: ws://localhost:53916/devtoo..., se:cdpVersion: 104.0.5112.81, setWindowRect: true, strictFileInteractability: false, timeouts: {implicit: 0, pageLoad: 300000, script: 30000}, unhandledPromptBehavior: dismiss and notify, webauthn:extension:credBlob: true, webauthn:extension:largeBlob: true, webauthn:virtualAuthenticators: true}
Session ID: 11be3f4467be89dfc2aa0428af9c4a8c
2022-08-10 16:33:20 INFO  ScreenShot - ScreenShot captured NTBUnsecuredUnassisted || Status :Fail
2022-08-10 16:33:20 INFO  CommonMethods - Row num for TestScenario = NTBUnsecuredUnassisted is = 2
2022-08-10 16:33:21 INFO  ExcelOperation - Write to excel with : Row=2 | Cell =3 | Data =Fail
2022-08-10 16:33:25 INFO  SetUp - Browser Closed..
2022-08-10 20:59:41 INFO  Utils - [TestNG] Running:
  C:\Users\Madhusmita P\eclipse-workspace_2022_Jan_Batch\MasterFramework\src\test\resources\RunnerFiles\testng.xml

2022-08-10 20:59:41 INFO  SetUp - Test Case_VerifyCRMLogin_Successfully Started
2022-08-10 20:59:42 INFO  SetUp - Test Case_VerifyCRMLogin_get Skipped as its Runmode is 'NO' 
2022-08-10 20:59:42 INFO  SetUp - Test Case_NTBUnsecuredUnassisted_Successfully Started
2022-08-10 20:59:46 INFO  WebDriverManager - Using chromedriver 104.0.5112.79 (resolved driver for Chrome 104)
2022-08-10 20:59:46 INFO  WebDriverManager - Exporting webdriver.chrome.driver as C:\Users\Madhusmita P\.cache\selenium\chromedriver\win32\104.0.5112.79\chromedriver.exe
2022-08-10 20:59:59 INFO  SetUp - Chrome Browser Launched..
2022-08-10 21:00:00 INFO  SetUp - URL : https://crmdapuat.kotak.com/vivid/CreditCard.html
2022-08-10 21:00:39 INFO  CommonMethods - Sucessfully clicked on Website_Option_XPATH
2022-08-10 21:01:39 ERROR CommonMethods - Not Sucessfully clicked on CustomerType_NTB_ID due to :Expected condition failed: waiting for visibility of element located by By.xpath: id_68934914193571 (tried for 60 second(s) with 500 milliseconds interval)
Build info: version: '4.1.0', revision: '87802e897b'
System info: host: 'DESKTOP-TN4VH4B', ip: '192.168.0.10', os.name: 'Windows 10', os.arch: 'amd64', os.version: '10.0', java.version: '17.0.1'
Driver info: org.openqa.selenium.chrome.ChromeDriver
Capabilities {acceptInsecureCerts: false, browserName: chrome, browserVersion: 104.0.5112.81, chrome: {chromedriverVersion: 104.0.5112.79 (3cf3e8c8a07d..., userDataDir: C:\Users\MADHUS~1\AppData\L...}, goog:chromeOptions: {debuggerAddress: localhost:54814}, javascriptEnabled: true, networkConnectionEnabled: false, pageLoadStrategy: normal, platform: WINDOWS, platformName: WINDOWS, proxy: Proxy(), se:cdp: ws://localhost:54814/devtoo..., se:cdpVersion: 104.0.5112.81, setWindowRect: true, strictFileInteractability: false, timeouts: {implicit: 0, pageLoad: 300000, script: 30000}, unhandledPromptBehavior: dismiss and notify, webauthn:extension:credBlob: true, webauthn:extension:largeBlob: true, webauthn:virtualAuthenticators: true}
Session ID: 6ad5572716eb6416c0acbf505731678b
2022-08-10 21:02:40 ERROR CommonMethods - Not Sucessfully clicked on SubmitBtn_ID due to :Expected condition failed: waiting for visibility of element located by By.xpath: id_68934914193571 (tried for 60 second(s) with 500 milliseconds interval)
Build info: version: '4.1.0', revision: '87802e897b'
System info: host: 'DESKTOP-TN4VH4B', ip: '192.168.0.10', os.name: 'Windows 10', os.arch: 'amd64', os.version: '10.0', java.version: '17.0.1'
Driver info: org.openqa.selenium.chrome.ChromeDriver
Capabilities {acceptInsecureCerts: false, browserName: chrome, browserVersion: 104.0.5112.81, chrome: {chromedriverVersion: 104.0.5112.79 (3cf3e8c8a07d..., userDataDir: C:\Users\MADHUS~1\AppData\L...}, goog:chromeOptions: {debuggerAddress: localhost:54814}, javascriptEnabled: true, networkConnectionEnabled: false, pageLoadStrategy: normal, platform: WINDOWS, platformName: WINDOWS, proxy: Proxy(), se:cdp: ws://localhost:54814/devtoo..., se:cdpVersion: 104.0.5112.81, setWindowRect: true, strictFileInteractability: false, timeouts: {implicit: 0, pageLoad: 300000, script: 30000}, unhandledPromptBehavior: dismiss and notify, webauthn:extension:credBlob: true, webauthn:extension:largeBlob: true, webauthn:virtualAuthenticators: true}
Session ID: 6ad5572716eb6416c0acbf505731678b
2022-08-10 21:03:40 ERROR CommonMethods - Not able to Mouseclick due to Expected condition failed: waiting for visibility of element located by By.xpath: (//div[@id='id_143939057837480'])[1] (tried for 60 second(s) with 500 milliseconds interval)
Build info: version: '4.1.0', revision: '87802e897b'
System info: host: 'DESKTOP-TN4VH4B', ip: '192.168.0.10', os.name: 'Windows 10', os.arch: 'amd64', os.version: '10.0', java.version: '17.0.1'
Driver info: org.openqa.selenium.chrome.ChromeDriver
Capabilities {acceptInsecureCerts: false, browserName: chrome, browserVersion: 104.0.5112.81, chrome: {chromedriverVersion: 104.0.5112.79 (3cf3e8c8a07d..., userDataDir: C:\Users\MADHUS~1\AppData\L...}, goog:chromeOptions: {debuggerAddress: localhost:54814}, javascriptEnabled: true, networkConnectionEnabled: false, pageLoadStrategy: normal, platform: WINDOWS, platformName: WINDOWS, proxy: Proxy(), se:cdp: ws://localhost:54814/devtoo..., se:cdpVersion: 104.0.5112.81, setWindowRect: true, strictFileInteractability: false, timeouts: {implicit: 0, pageLoad: 300000, script: 30000}, unhandledPromptBehavior: dismiss and notify, webauthn:extension:credBlob: true, webauthn:extension:largeBlob: true, webauthn:virtualAuthenticators: true}
Session ID: 6ad5572716eb6416c0acbf505731678b
2022-08-10 21:04:06 INFO  Utils - [TestNG] Running:
  C:\Users\Madhusmita P\eclipse-workspace_2022_Jan_Batch\MasterFramework\src\test\resources\RunnerFiles\testng.xml

2022-08-10 21:04:06 INFO  SetUp - Test Case_VerifyCRMLogin_Successfully Started
2022-08-10 21:04:07 INFO  SetUp - Test Case_VerifyCRMLogin_get Skipped as its Runmode is 'NO' 
2022-08-10 21:04:07 INFO  SetUp - Test Case_NTBUnsecuredUnassisted_Successfully Started
2022-08-10 21:04:07 INFO  WebDriverManager - Using chromedriver 104.0.5112.79 (resolved driver for Chrome 104)
2022-08-10 21:04:07 INFO  WebDriverManager - Exporting webdriver.chrome.driver as C:\Users\Madhusmita P\.cache\selenium\chromedriver\win32\104.0.5112.79\chromedriver.exe
2022-08-10 21:04:13 INFO  SetUp - Chrome Browser Launched..
2022-08-10 21:04:14 INFO  SetUp - URL : https://crmdapuat.kotak.com/vivid/CreditCard.html
2022-08-10 21:04:40 ERROR CommonMethods - Not Sucessfully clicked on Monthly_income_ID due to :Expected condition failed: waiting for visibility of element located by By.xpath: ddl1_2_dropdownMatUi (tried for 60 second(s) with 500 milliseconds interval)
2022-08-10 21:04:55 INFO  CommonMethods - Sucessfully clicked on Website_Option_XPATH
2022-08-10 21:05:40 ERROR CommonMethods - Not Sucessfully clicked on Salary_Range_XPATH due to :Expected condition failed: waiting for visibility of element located by By.xpath: //option[@value='40000'] (tried for 60 second(s) with 500 milliseconds interval)
2022-08-10 21:05:40 ERROR CommonMethods - Not Sucessfully clicked on c_75946701414 due to :Cannot find elements when the XPath is null.
2022-08-10 21:05:55 ERROR CommonMethods - Not Sucessfully clicked on CustomerType_NTB_ID due to :Expected condition failed: waiting for visibility of element located by By.xpath: id_68934914193571 (tried for 60 second(s) with 500 milliseconds interval)
Build info: version: '4.1.0', revision: '87802e897b'
System info: host: 'DESKTOP-TN4VH4B', ip: '192.168.0.10', os.name: 'Windows 10', os.arch: 'amd64', os.version: '10.0', java.version: '17.0.1'
Driver info: org.openqa.selenium.chrome.ChromeDriver
Capabilities {acceptInsecureCerts: false, browserName: chrome, browserVersion: 104.0.5112.81, chrome: {chromedriverVersion: 104.0.5112.79 (3cf3e8c8a07d..., userDataDir: C:\Users\MADHUS~1\AppData\L...}, goog:chromeOptions: {debuggerAddress: localhost:55201}, javascriptEnabled: true, networkConnectionEnabled: false, pageLoadStrategy: normal, platform: WINDOWS, platformName: WINDOWS, proxy: Proxy(), se:cdp: ws://localhost:55201/devtoo..., se:cdpVersion: 104.0.5112.81, setWindowRect: true, strictFileInteractability: false, timeouts: {implicit: 0, pageLoad: 300000, script: 30000}, unhandledPromptBehavior: dismiss and notify, webauthn:extension:credBlob: true, webauthn:extension:largeBlob: true, webauthn:virtualAuthenticators: true}
Session ID: 173a1057a3498aa6bdfcb97f361d4e0f
2022-08-10 21:06:41 ERROR SetUp - NTBUnsecuredUnassisted Get Failed due to 
Expected condition failed: waiting for element to be clickable: By.xpath: (//img[@alt='League Platinum'])[1] (tried for 60 second(s) with 500 milliseconds interval)
2022-08-10 21:06:41 ERROR ScreenShot - Unbale to capture screenshot due to no such window: target window already closed
from unknown error: web view not found
  (Session info: chrome=104.0.5112.81)
Build info: version: '4.1.0', revision: '87802e897b'
System info: host: 'DESKTOP-TN4VH4B', ip: '192.168.0.10', os.name: 'Windows 10', os.arch: 'amd64', os.version: '10.0', java.version: '17.0.1'
Driver info: org.openqa.selenium.chrome.ChromeDriver
Command: [6ad5572716eb6416c0acbf505731678b, screenshot {}]
Capabilities {acceptInsecureCerts: false, browserName: chrome, browserVersion: 104.0.5112.81, chrome: {chromedriverVersion: 104.0.5112.79 (3cf3e8c8a07d..., userDataDir: C:\Users\MADHUS~1\AppData\L...}, goog:chromeOptions: {debuggerAddress: localhost:54814}, javascriptEnabled: true, networkConnectionEnabled: false, pageLoadStrategy: normal, platform: WINDOWS, platformName: WINDOWS, proxy: Proxy(), se:cdp: ws://localhost:54814/devtoo..., se:cdpVersion: 104.0.5112.81, setWindowRect: true, strictFileInteractability: false, timeouts: {implicit: 0, pageLoad: 300000, script: 30000}, unhandledPromptBehavior: dismiss and notify, webauthn:extension:credBlob: true, webauthn:extension:largeBlob: true, webauthn:virtualAuthenticators: true}
Session ID: 6ad5572716eb6416c0acbf505731678b
2022-08-10 21:06:41 INFO  CommonMethods - Row num for TestScenario = NTBUnsecuredUnassisted is = 2
2022-08-10 21:06:42 INFO  ExcelOperation - Write to excel with : Row=2 | Cell =3 | Data =Fail
2022-08-10 21:06:55 ERROR CommonMethods - Not Sucessfully clicked on SubmitBtn_ID due to :Expected condition failed: waiting for visibility of element located by By.xpath: c_75946701414 (tried for 60 second(s) with 500 milliseconds interval)
Build info: version: '4.1.0', revision: '87802e897b'
System info: host: 'DESKTOP-TN4VH4B', ip: '192.168.0.10', os.name: 'Windows 10', os.arch: 'amd64', os.version: '10.0', java.version: '17.0.1'
Driver info: org.openqa.selenium.chrome.ChromeDriver
Capabilities {acceptInsecureCerts: false, browserName: chrome, browserVersion: 104.0.5112.81, chrome: {chromedriverVersion: 104.0.5112.79 (3cf3e8c8a07d..., userDataDir: C:\Users\MADHUS~1\AppData\L...}, goog:chromeOptions: {debuggerAddress: localhost:55201}, javascriptEnabled: true, networkConnectionEnabled: false, pageLoadStrategy: normal, platform: WINDOWS, platformName: WINDOWS, proxy: Proxy(), se:cdp: ws://localhost:55201/devtoo..., se:cdpVersion: 104.0.5112.81, setWindowRect: true, strictFileInteractability: false, timeouts: {implicit: 0, pageLoad: 300000, script: 30000}, unhandledPromptBehavior: dismiss and notify, webauthn:extension:credBlob: true, webauthn:extension:largeBlob: true, webauthn:virtualAuthenticators: true}
Session ID: 173a1057a3498aa6bdfcb97f361d4e0f
2022-08-10 21:07:56 ERROR CommonMethods - Not able to Mouseclick due to Expected condition failed: waiting for visibility of element located by By.xpath: (//div[@id='id_143939057837480'])[1] (tried for 60 second(s) with 500 milliseconds interval)
Build info: version: '4.1.0', revision: '87802e897b'
System info: host: 'DESKTOP-TN4VH4B', ip: '192.168.0.10', os.name: 'Windows 10', os.arch: 'amd64', os.version: '10.0', java.version: '17.0.1'
Driver info: org.openqa.selenium.chrome.ChromeDriver
Capabilities {acceptInsecureCerts: false, browserName: chrome, browserVersion: 104.0.5112.81, chrome: {chromedriverVersion: 104.0.5112.79 (3cf3e8c8a07d..., userDataDir: C:\Users\MADHUS~1\AppData\L...}, goog:chromeOptions: {debuggerAddress: localhost:55201}, javascriptEnabled: true, networkConnectionEnabled: false, pageLoadStrategy: normal, platform: WINDOWS, platformName: WINDOWS, proxy: Proxy(), se:cdp: ws://localhost:55201/devtoo..., se:cdpVersion: 104.0.5112.81, setWindowRect: true, strictFileInteractability: false, timeouts: {implicit: 0, pageLoad: 300000, script: 30000}, unhandledPromptBehavior: dismiss and notify, webauthn:extension:credBlob: true, webauthn:extension:largeBlob: true, webauthn:virtualAuthenticators: true}
Session ID: 173a1057a3498aa6bdfcb97f361d4e0f
2022-08-10 21:08:15 INFO  Utils - [TestNG] Running:
  C:\Users\Madhusmita P\eclipse-workspace_2022_Jan_Batch\MasterFramework\src\test\resources\RunnerFiles\testng.xml

2022-08-10 21:08:15 INFO  SetUp - Test Case_VerifyCRMLogin_Successfully Started
2022-08-10 21:08:16 INFO  SetUp - Test Case_VerifyCRMLogin_get Skipped as its Runmode is 'NO' 
2022-08-10 21:08:16 INFO  SetUp - Test Case_NTBUnsecuredUnassisted_Successfully Started
2022-08-10 21:08:17 INFO  WebDriverManager - Using chromedriver 104.0.5112.79 (resolved driver for Chrome 104)
2022-08-10 21:08:17 INFO  WebDriverManager - Exporting webdriver.chrome.driver as C:\Users\Madhusmita P\.cache\selenium\chromedriver\win32\104.0.5112.79\chromedriver.exe
2022-08-10 21:08:23 INFO  SetUp - Chrome Browser Launched..
2022-08-10 21:08:24 INFO  SetUp - URL : https://crmdapuat.kotak.com/vivid/CreditCard.html
2022-08-10 21:08:53 INFO  CommonMethods - Sucessfully clicked on Website_Option_XPATH
2022-08-10 21:08:56 ERROR CommonMethods - Not Sucessfully clicked on Monthly_income_ID due to :Expected condition failed: waiting for visibility of element located by By.xpath: ddl1_2_dropdownMatUi (tried for 60 second(s) with 500 milliseconds interval)
Build info: version: '4.1.0', revision: '87802e897b'
System info: host: 'DESKTOP-TN4VH4B', ip: '192.168.0.10', os.name: 'Windows 10', os.arch: 'amd64', os.version: '10.0', java.version: '17.0.1'
Driver info: org.openqa.selenium.chrome.ChromeDriver
Capabilities {acceptInsecureCerts: false, browserName: chrome, browserVersion: 104.0.5112.81, chrome: {chromedriverVersion: 104.0.5112.79 (3cf3e8c8a07d..., userDataDir: C:\Users\MADHUS~1\AppData\L...}, goog:chromeOptions: {debuggerAddress: localhost:55201}, javascriptEnabled: true, networkConnectionEnabled: false, pageLoadStrategy: normal, platform: WINDOWS, platformName: WINDOWS, proxy: Proxy(), se:cdp: ws://localhost:55201/devtoo..., se:cdpVersion: 104.0.5112.81, setWindowRect: true, strictFileInteractability: false, timeouts: {implicit: 0, pageLoad: 300000, script: 30000}, unhandledPromptBehavior: dismiss and notify, webauthn:extension:credBlob: true, webauthn:extension:largeBlob: true, webauthn:virtualAuthenticators: true}
Session ID: 173a1057a3498aa6bdfcb97f361d4e0f
2022-08-10 21:09:53 ERROR CommonMethods - Not Sucessfully clicked on CustomerType_NTB_ID due to :Expected condition failed: waiting for visibility of element located by By.xpath: id_68934914193571 (tried for 60 second(s) with 500 milliseconds interval)
Build info: version: '4.1.0', revision: '87802e897b'
System info: host: 'DESKTOP-TN4VH4B', ip: '192.168.0.10', os.name: 'Windows 10', os.arch: 'amd64', os.version: '10.0', java.version: '17.0.1'
Driver info: org.openqa.selenium.chrome.ChromeDriver
Capabilities {acceptInsecureCerts: false, browserName: chrome, browserVersion: 104.0.5112.81, chrome: {chromedriverVersion: 104.0.5112.79 (3cf3e8c8a07d..., userDataDir: C:\Users\MADHUS~1\AppData\L...}, goog:chromeOptions: {debuggerAddress: localhost:55567}, javascriptEnabled: true, networkConnectionEnabled: false, pageLoadStrategy: normal, platform: WINDOWS, platformName: WINDOWS, proxy: Proxy(), se:cdp: ws://localhost:55567/devtoo..., se:cdpVersion: 104.0.5112.81, setWindowRect: true, strictFileInteractability: false, timeouts: {implicit: 0, pageLoad: 300000, script: 30000}, unhandledPromptBehavior: dismiss and notify, webauthn:extension:credBlob: true, webauthn:extension:largeBlob: true, webauthn:virtualAuthenticators: true}
Session ID: 9b23b3fa82db489c38e1110923f6ac38
2022-08-10 21:09:56 ERROR CommonMethods - Not Sucessfully clicked on Salary_Range_XPATH due to :Expected condition failed: waiting for visibility of element located by By.xpath: //option[@value='40000'] (tried for 60 second(s) with 500 milliseconds interval)
Build info: version: '4.1.0', revision: '87802e897b'
System info: host: 'DESKTOP-TN4VH4B', ip: '192.168.0.10', os.name: 'Windows 10', os.arch: 'amd64', os.version: '10.0', java.version: '17.0.1'
Driver info: org.openqa.selenium.chrome.ChromeDriver
Capabilities {acceptInsecureCerts: false, browserName: chrome, browserVersion: 104.0.5112.81, chrome: {chromedriverVersion: 104.0.5112.79 (3cf3e8c8a07d..., userDataDir: C:\Users\MADHUS~1\AppData\L...}, goog:chromeOptions: {debuggerAddress: localhost:55201}, javascriptEnabled: true, networkConnectionEnabled: false, pageLoadStrategy: normal, platform: WINDOWS, platformName: WINDOWS, proxy: Proxy(), se:cdp: ws://localhost:55201/devtoo..., se:cdpVersion: 104.0.5112.81, setWindowRect: true, strictFileInteractability: false, timeouts: {implicit: 0, pageLoad: 300000, script: 30000}, unhandledPromptBehavior: dismiss and notify, webauthn:extension:credBlob: true, webauthn:extension:largeBlob: true, webauthn:virtualAuthenticators: true}
Session ID: 173a1057a3498aa6bdfcb97f361d4e0f
2022-08-10 21:09:56 ERROR CommonMethods - Not Sucessfully clicked on c_75946701414 due to :Cannot find elements when the XPath is null.
2022-08-10 21:10:09 ERROR CommonMethods - Not Sucessfully clicked on SubmitBtn_ID due to :chrome not reachable
  (Session info: chrome=104.0.5112.81)
Build info: version: '4.1.0', revision: '87802e897b'
System info: host: 'DESKTOP-TN4VH4B', ip: '192.168.0.10', os.name: 'Windows 10', os.arch: 'amd64', os.version: '10.0', java.version: '17.0.1'
Driver info: org.openqa.selenium.chrome.ChromeDriver
Command: [9b23b3fa82db489c38e1110923f6ac38, findElement {using=xpath, value=c_75946701414}]
Capabilities {acceptInsecureCerts: false, browserName: chrome, browserVersion: 104.0.5112.81, chrome: {chromedriverVersion: 104.0.5112.79 (3cf3e8c8a07d..., userDataDir: C:\Users\MADHUS~1\AppData\L...}, goog:chromeOptions: {debuggerAddress: localhost:55567}, javascriptEnabled: true, networkConnectionEnabled: false, pageLoadStrategy: normal, platform: WINDOWS, platformName: WINDOWS, proxy: Proxy(), se:cdp: ws://localhost:55567/devtoo..., se:cdpVersion: 104.0.5112.81, setWindowRect: true, strictFileInteractability: false, timeouts: {implicit: 0, pageLoad: 300000, script: 30000}, unhandledPromptBehavior: dismiss and notify, webauthn:extension:credBlob: true, webauthn:extension:largeBlob: true, webauthn:virtualAuthenticators: true}
Session ID: 9b23b3fa82db489c38e1110923f6ac38
2022-08-10 21:10:13 ERROR SetUp - NTBUnsecuredUnassisted Get Failed due to 
chrome not reachable
  (Session info: chrome=104.0.5112.81)
Build info: version: '4.1.0', revision: '87802e897b'
System info: host: 'DESKTOP-TN4VH4B', ip: '192.168.0.10', os.name: 'Windows 10', os.arch: 'amd64', os.version: '10.0', java.version: '17.0.1'
Driver info: org.openqa.selenium.chrome.ChromeDriver
Command: [173a1057a3498aa6bdfcb97f361d4e0f, findElement {using=xpath, value=(//img[@alt='League Platinum'])[1]}]
Capabilities {acceptInsecureCerts: false, browserName: chrome, browserVersion: 104.0.5112.81, chrome: {chromedriverVersion: 104.0.5112.79 (3cf3e8c8a07d..., userDataDir: C:\Users\MADHUS~1\AppData\L...}, goog:chromeOptions: {debuggerAddress: localhost:55201}, javascriptEnabled: true, networkConnectionEnabled: false, pageLoadStrategy: normal, platform: WINDOWS, platformName: WINDOWS, proxy: Proxy(), se:cdp: ws://localhost:55201/devtoo..., se:cdpVersion: 104.0.5112.81, setWindowRect: true, strictFileInteractability: false, timeouts: {implicit: 0, pageLoad: 300000, script: 30000}, unhandledPromptBehavior: dismiss and notify, webauthn:extension:credBlob: true, webauthn:extension:largeBlob: true, webauthn:virtualAuthenticators: true}
Session ID: 173a1057a3498aa6bdfcb97f361d4e0f
2022-08-10 21:10:14 INFO  Utils - [TestNG] Running:
  C:\Users\Madhusmita P\eclipse-workspace_2022_Jan_Batch\MasterFramework\src\test\resources\RunnerFiles\testng.xml

2022-08-10 21:10:14 INFO  SetUp - Test Case_VerifyCRMLogin_Successfully Started
2022-08-10 21:10:15 INFO  SetUp - Test Case_VerifyCRMLogin_get Skipped as its Runmode is 'NO' 
2022-08-10 21:10:15 INFO  SetUp - Test Case_NTBUnsecuredUnassisted_Successfully Started
2022-08-10 21:10:16 INFO  WebDriverManager - Using chromedriver 104.0.5112.79 (resolved driver for Chrome 104)
2022-08-10 21:10:16 INFO  WebDriverManager - Exporting webdriver.chrome.driver as C:\Users\Madhusmita P\.cache\selenium\chromedriver\win32\104.0.5112.79\chromedriver.exe
2022-08-10 21:10:20 ERROR CommonMethods - Not able to Mouseclick due to chrome not reachable
  (Session info: chrome=104.0.5112.81)
Build info: version: '4.1.0', revision: '87802e897b'
System info: host: 'DESKTOP-TN4VH4B', ip: '192.168.0.10', os.name: 'Windows 10', os.arch: 'amd64', os.version: '10.0', java.version: '17.0.1'
Driver info: org.openqa.selenium.chrome.ChromeDriver
Command: [9b23b3fa82db489c38e1110923f6ac38, findElement {using=xpath, value=(//div[@id='id_143939057837480'])[1]}]
Capabilities {acceptInsecureCerts: false, browserName: chrome, browserVersion: 104.0.5112.81, chrome: {chromedriverVersion: 104.0.5112.79 (3cf3e8c8a07d..., userDataDir: C:\Users\MADHUS~1\AppData\L...}, goog:chromeOptions: {debuggerAddress: localhost:55567}, javascriptEnabled: true, networkConnectionEnabled: false, pageLoadStrategy: normal, platform: WINDOWS, platformName: WINDOWS, proxy: Proxy(), se:cdp: ws://localhost:55567/devtoo..., se:cdpVersion: 104.0.5112.81, setWindowRect: true, strictFileInteractability: false, timeouts: {implicit: 0, pageLoad: 300000, script: 30000}, unhandledPromptBehavior: dismiss and notify, webauthn:extension:credBlob: true, webauthn:extension:largeBlob: true, webauthn:virtualAuthenticators: true}
Session ID: 9b23b3fa82db489c38e1110923f6ac38
2022-08-10 21:10:22 INFO  SetUp - Chrome Browser Launched..
2022-08-10 21:10:23 INFO  SetUp - URL : https://crmdapuat.kotak.com/vivid/CreditCard.html
2022-08-10 21:10:23 ERROR ScreenShot - Unbale to capture screenshot due to chrome not reachable
  (Session info: chrome=104.0.5112.81)
Build info: version: '4.1.0', revision: '87802e897b'
System info: host: 'DESKTOP-TN4VH4B', ip: '192.168.0.10', os.name: 'Windows 10', os.arch: 'amd64', os.version: '10.0', java.version: '17.0.1'
Driver info: org.openqa.selenium.chrome.ChromeDriver
Command: [173a1057a3498aa6bdfcb97f361d4e0f, screenshot {}]
Capabilities {acceptInsecureCerts: false, browserName: chrome, browserVersion: 104.0.5112.81, chrome: {chromedriverVersion: 104.0.5112.79 (3cf3e8c8a07d..., userDataDir: C:\Users\MADHUS~1\AppData\L...}, goog:chromeOptions: {debuggerAddress: localhost:55201}, javascriptEnabled: true, networkConnectionEnabled: false, pageLoadStrategy: normal, platform: WINDOWS, platformName: WINDOWS, proxy: Proxy(), se:cdp: ws://localhost:55201/devtoo..., se:cdpVersion: 104.0.5112.81, setWindowRect: true, strictFileInteractability: false, timeouts: {implicit: 0, pageLoad: 300000, script: 30000}, unhandledPromptBehavior: dismiss and notify, webauthn:extension:credBlob: true, webauthn:extension:largeBlob: true, webauthn:virtualAuthenticators: true}
Session ID: 173a1057a3498aa6bdfcb97f361d4e0f
2022-08-10 21:10:24 INFO  CommonMethods - Row num for TestScenario = NTBUnsecuredUnassisted is = 2
2022-08-10 21:10:25 INFO  ExcelOperation - Write to excel with : Row=2 | Cell =3 | Data =Fail
2022-08-10 21:10:30 ERROR CommonMethods - Not Sucessfully clicked on Monthly_income_ID due to :chrome not reachable
  (Session info: chrome=104.0.5112.81)
Build info: version: '4.1.0', revision: '87802e897b'
System info: host: 'DESKTOP-TN4VH4B', ip: '192.168.0.10', os.name: 'Windows 10', os.arch: 'amd64', os.version: '10.0', java.version: '17.0.1'
Driver info: org.openqa.selenium.chrome.ChromeDriver
Command: [9b23b3fa82db489c38e1110923f6ac38, findElement {using=xpath, value=ddl1_2_dropdownMatUi}]
Capabilities {acceptInsecureCerts: false, browserName: chrome, browserVersion: 104.0.5112.81, chrome: {chromedriverVersion: 104.0.5112.79 (3cf3e8c8a07d..., userDataDir: C:\Users\MADHUS~1\AppData\L...}, goog:chromeOptions: {debuggerAddress: localhost:55567}, javascriptEnabled: true, networkConnectionEnabled: false, pageLoadStrategy: normal, platform: WINDOWS, platformName: WINDOWS, proxy: Proxy(), se:cdp: ws://localhost:55567/devtoo..., se:cdpVersion: 104.0.5112.81, setWindowRect: true, strictFileInteractability: false, timeouts: {implicit: 0, pageLoad: 300000, script: 30000}, unhandledPromptBehavior: dismiss and notify, webauthn:extension:credBlob: true, webauthn:extension:largeBlob: true, webauthn:virtualAuthenticators: true}
Session ID: 9b23b3fa82db489c38e1110923f6ac38
2022-08-10 21:10:41 ERROR CommonMethods - Not Sucessfully clicked on Salary_Range_XPATH due to :chrome not reachable
  (Session info: chrome=104.0.5112.81)
Build info: version: '4.1.0', revision: '87802e897b'
System info: host: 'DESKTOP-TN4VH4B', ip: '192.168.0.10', os.name: 'Windows 10', os.arch: 'amd64', os.version: '10.0', java.version: '17.0.1'
Driver info: org.openqa.selenium.chrome.ChromeDriver
Command: [9b23b3fa82db489c38e1110923f6ac38, findElement {using=xpath, value=//option[@value='40000']}]
Capabilities {acceptInsecureCerts: false, browserName: chrome, browserVersion: 104.0.5112.81, chrome: {chromedriverVersion: 104.0.5112.79 (3cf3e8c8a07d..., userDataDir: C:\Users\MADHUS~1\AppData\L...}, goog:chromeOptions: {debuggerAddress: localhost:55567}, javascriptEnabled: true, networkConnectionEnabled: false, pageLoadStrategy: normal, platform: WINDOWS, platformName: WINDOWS, proxy: Proxy(), se:cdp: ws://localhost:55567/devtoo..., se:cdpVersion: 104.0.5112.81, setWindowRect: true, strictFileInteractability: false, timeouts: {implicit: 0, pageLoad: 300000, script: 30000}, unhandledPromptBehavior: dismiss and notify, webauthn:extension:credBlob: true, webauthn:extension:largeBlob: true, webauthn:virtualAuthenticators: true}
Session ID: 9b23b3fa82db489c38e1110923f6ac38
2022-08-10 21:10:41 ERROR CommonMethods - Not Sucessfully clicked on c_75946701414 due to :Cannot find elements when the XPath is null.
2022-08-10 21:10:51 ERROR SetUp - NTBUnsecuredUnassisted Get Failed due to 
chrome not reachable
  (Session info: chrome=104.0.5112.81)
Build info: version: '4.1.0', revision: '87802e897b'
System info: host: 'DESKTOP-TN4VH4B', ip: '192.168.0.10', os.name: 'Windows 10', os.arch: 'amd64', os.version: '10.0', java.version: '17.0.1'
Driver info: org.openqa.selenium.chrome.ChromeDriver
Command: [9b23b3fa82db489c38e1110923f6ac38, findElement {using=xpath, value=(//img[@alt='League Platinum'])[1]}]
Capabilities {acceptInsecureCerts: false, browserName: chrome, browserVersion: 104.0.5112.81, chrome: {chromedriverVersion: 104.0.5112.79 (3cf3e8c8a07d..., userDataDir: C:\Users\MADHUS~1\AppData\L...}, goog:chromeOptions: {debuggerAddress: localhost:55567}, javascriptEnabled: true, networkConnectionEnabled: false, pageLoadStrategy: normal, platform: WINDOWS, platformName: WINDOWS, proxy: Proxy(), se:cdp: ws://localhost:55567/devtoo..., se:cdpVersion: 104.0.5112.81, setWindowRect: true, strictFileInteractability: false, timeouts: {implicit: 0, pageLoad: 300000, script: 30000}, unhandledPromptBehavior: dismiss and notify, webauthn:extension:credBlob: true, webauthn:extension:largeBlob: true, webauthn:virtualAuthenticators: true}
Session ID: 9b23b3fa82db489c38e1110923f6ac38
2022-08-10 21:10:53 INFO  CommonMethods - Sucessfully clicked on Website_Option_XPATH
2022-08-10 21:11:02 ERROR ScreenShot - Unbale to capture screenshot due to chrome not reachable
  (Session info: chrome=104.0.5112.81)
Build info: version: '4.1.0', revision: '87802e897b'
System info: host: 'DESKTOP-TN4VH4B', ip: '192.168.0.10', os.name: 'Windows 10', os.arch: 'amd64', os.version: '10.0', java.version: '17.0.1'
Driver info: org.openqa.selenium.chrome.ChromeDriver
Command: [9b23b3fa82db489c38e1110923f6ac38, screenshot {}]
Capabilities {acceptInsecureCerts: false, browserName: chrome, browserVersion: 104.0.5112.81, chrome: {chromedriverVersion: 104.0.5112.79 (3cf3e8c8a07d..., userDataDir: C:\Users\MADHUS~1\AppData\L...}, goog:chromeOptions: {debuggerAddress: localhost:55567}, javascriptEnabled: true, networkConnectionEnabled: false, pageLoadStrategy: normal, platform: WINDOWS, platformName: WINDOWS, proxy: Proxy(), se:cdp: ws://localhost:55567/devtoo..., se:cdpVersion: 104.0.5112.81, setWindowRect: true, strictFileInteractability: false, timeouts: {implicit: 0, pageLoad: 300000, script: 30000}, unhandledPromptBehavior: dismiss and notify, webauthn:extension:credBlob: true, webauthn:extension:largeBlob: true, webauthn:virtualAuthenticators: true}
Session ID: 9b23b3fa82db489c38e1110923f6ac38
2022-08-10 21:11:02 INFO  CommonMethods - Row num for TestScenario = NTBUnsecuredUnassisted is = 2
2022-08-10 21:11:03 INFO  ExcelOperation - Write to excel with : Row=2 | Cell =3 | Data =Fail
2022-08-10 21:11:53 ERROR CommonMethods - Not Sucessfully clicked on SubmitBtn_ID due to :Expected condition failed: waiting for visibility of element located by By.xpath: c_75946701414 (tried for 60 second(s) with 500 milliseconds interval)
Build info: version: '4.1.0', revision: '87802e897b'
System info: host: 'DESKTOP-TN4VH4B', ip: '192.168.0.10', os.name: 'Windows 10', os.arch: 'amd64', os.version: '10.0', java.version: '17.0.1'
Driver info: org.openqa.selenium.chrome.ChromeDriver
Capabilities {acceptInsecureCerts: false, browserName: chrome, browserVersion: 104.0.5112.81, chrome: {chromedriverVersion: 104.0.5112.79 (3cf3e8c8a07d..., userDataDir: C:\Users\MADHUS~1\AppData\L...}, goog:chromeOptions: {debuggerAddress: localhost:55790}, javascriptEnabled: true, networkConnectionEnabled: false, pageLoadStrategy: normal, platform: WINDOWS, platformName: WINDOWS, proxy: Proxy(), se:cdp: ws://localhost:55790/devtoo..., se:cdpVersion: 104.0.5112.81, setWindowRect: true, strictFileInteractability: false, timeouts: {implicit: 0, pageLoad: 300000, script: 30000}, unhandledPromptBehavior: dismiss and notify, webauthn:extension:credBlob: true, webauthn:extension:largeBlob: true, webauthn:virtualAuthenticators: true}
Session ID: 7cf9e04cfc9609be0c71c20762dd80a3
2022-08-10 21:12:29 ERROR CommonMethods - Not able to Mouseclick due to chrome not reachable
  (Session info: chrome=104.0.5112.81)
Build info: version: '4.1.0', revision: '87802e897b'
System info: host: 'DESKTOP-TN4VH4B', ip: '192.168.0.10', os.name: 'Windows 10', os.arch: 'amd64', os.version: '10.0', java.version: '17.0.1'
Driver info: org.openqa.selenium.chrome.ChromeDriver
Command: [7cf9e04cfc9609be0c71c20762dd80a3, findElement {using=xpath, value=(//div[@id='id_143939057837480'])[1]}]
Capabilities {acceptInsecureCerts: false, browserName: chrome, browserVersion: 104.0.5112.81, chrome: {chromedriverVersion: 104.0.5112.79 (3cf3e8c8a07d..., userDataDir: C:\Users\MADHUS~1\AppData\L...}, goog:chromeOptions: {debuggerAddress: localhost:55790}, javascriptEnabled: true, networkConnectionEnabled: false, pageLoadStrategy: normal, platform: WINDOWS, platformName: WINDOWS, proxy: Proxy(), se:cdp: ws://localhost:55790/devtoo..., se:cdpVersion: 104.0.5112.81, setWindowRect: true, strictFileInteractability: false, timeouts: {implicit: 0, pageLoad: 300000, script: 30000}, unhandledPromptBehavior: dismiss and notify, webauthn:extension:credBlob: true, webauthn:extension:largeBlob: true, webauthn:virtualAuthenticators: true}
Session ID: 7cf9e04cfc9609be0c71c20762dd80a3
2022-08-10 21:12:39 ERROR CommonMethods - Not Sucessfully clicked on Monthly_income_ID due to :chrome not reachable
  (Session info: chrome=104.0.5112.81)
Build info: version: '4.1.0', revision: '87802e897b'
System info: host: 'DESKTOP-TN4VH4B', ip: '192.168.0.10', os.name: 'Windows 10', os.arch: 'amd64', os.version: '10.0', java.version: '17.0.1'
Driver info: org.openqa.selenium.chrome.ChromeDriver
Command: [7cf9e04cfc9609be0c71c20762dd80a3, findElement {using=xpath, value=ddl1_2_dropdownMatUi}]
Capabilities {acceptInsecureCerts: false, browserName: chrome, browserVersion: 104.0.5112.81, chrome: {chromedriverVersion: 104.0.5112.79 (3cf3e8c8a07d..., userDataDir: C:\Users\MADHUS~1\AppData\L...}, goog:chromeOptions: {debuggerAddress: localhost:55790}, javascriptEnabled: true, networkConnectionEnabled: false, pageLoadStrategy: normal, platform: WINDOWS, platformName: WINDOWS, proxy: Proxy(), se:cdp: ws://localhost:55790/devtoo..., se:cdpVersion: 104.0.5112.81, setWindowRect: true, strictFileInteractability: false, timeouts: {implicit: 0, pageLoad: 300000, script: 30000}, unhandledPromptBehavior: dismiss and notify, webauthn:extension:credBlob: true, webauthn:extension:largeBlob: true, webauthn:virtualAuthenticators: true}
Session ID: 7cf9e04cfc9609be0c71c20762dd80a3
2022-08-10 21:12:49 ERROR CommonMethods - Not Sucessfully clicked on Salary_Range_XPATH due to :chrome not reachable
  (Session info: chrome=104.0.5112.81)
Build info: version: '4.1.0', revision: '87802e897b'
System info: host: 'DESKTOP-TN4VH4B', ip: '192.168.0.10', os.name: 'Windows 10', os.arch: 'amd64', os.version: '10.0', java.version: '17.0.1'
Driver info: org.openqa.selenium.chrome.ChromeDriver
Command: [7cf9e04cfc9609be0c71c20762dd80a3, findElement {using=xpath, value=//option[@value='40000']}]
Capabilities {acceptInsecureCerts: false, browserName: chrome, browserVersion: 104.0.5112.81, chrome: {chromedriverVersion: 104.0.5112.79 (3cf3e8c8a07d..., userDataDir: C:\Users\MADHUS~1\AppData\L...}, goog:chromeOptions: {debuggerAddress: localhost:55790}, javascriptEnabled: true, networkConnectionEnabled: false, pageLoadStrategy: normal, platform: WINDOWS, platformName: WINDOWS, proxy: Proxy(), se:cdp: ws://localhost:55790/devtoo..., se:cdpVersion: 104.0.5112.81, setWindowRect: true, strictFileInteractability: false, timeouts: {implicit: 0, pageLoad: 300000, script: 30000}, unhandledPromptBehavior: dismiss and notify, webauthn:extension:credBlob: true, webauthn:extension:largeBlob: true, webauthn:virtualAuthenticators: true}
Session ID: 7cf9e04cfc9609be0c71c20762dd80a3
2022-08-10 21:12:49 ERROR CommonMethods - Not Sucessfully clicked on c_75946701414 due to :Cannot find elements when the XPath is null.
2022-08-10 21:13:00 ERROR SetUp - NTBUnsecuredUnassisted Get Failed due to 
chrome not reachable
  (Session info: chrome=104.0.5112.81)
Build info: version: '4.1.0', revision: '87802e897b'
System info: host: 'DESKTOP-TN4VH4B', ip: '192.168.0.10', os.name: 'Windows 10', os.arch: 'amd64', os.version: '10.0', java.version: '17.0.1'
Driver info: org.openqa.selenium.chrome.ChromeDriver
Command: [7cf9e04cfc9609be0c71c20762dd80a3, findElement {using=xpath, value=(//img[@alt='League Platinum'])[1]}]
Capabilities {acceptInsecureCerts: false, browserName: chrome, browserVersion: 104.0.5112.81, chrome: {chromedriverVersion: 104.0.5112.79 (3cf3e8c8a07d..., userDataDir: C:\Users\MADHUS~1\AppData\L...}, goog:chromeOptions: {debuggerAddress: localhost:55790}, javascriptEnabled: true, networkConnectionEnabled: false, pageLoadStrategy: normal, platform: WINDOWS, platformName: WINDOWS, proxy: Proxy(), se:cdp: ws://localhost:55790/devtoo..., se:cdpVersion: 104.0.5112.81, setWindowRect: true, strictFileInteractability: false, timeouts: {implicit: 0, pageLoad: 300000, script: 30000}, unhandledPromptBehavior: dismiss and notify, webauthn:extension:credBlob: true, webauthn:extension:largeBlob: true, webauthn:virtualAuthenticators: true}
Session ID: 7cf9e04cfc9609be0c71c20762dd80a3
2022-08-10 21:13:10 ERROR ScreenShot - Unbale to capture screenshot due to chrome not reachable
  (Session info: chrome=104.0.5112.81)
Build info: version: '4.1.0', revision: '87802e897b'
System info: host: 'DESKTOP-TN4VH4B', ip: '192.168.0.10', os.name: 'Windows 10', os.arch: 'amd64', os.version: '10.0', java.version: '17.0.1'
Driver info: org.openqa.selenium.chrome.ChromeDriver
Command: [7cf9e04cfc9609be0c71c20762dd80a3, screenshot {}]
Capabilities {acceptInsecureCerts: false, browserName: chrome, browserVersion: 104.0.5112.81, chrome: {chromedriverVersion: 104.0.5112.79 (3cf3e8c8a07d..., userDataDir: C:\Users\MADHUS~1\AppData\L...}, goog:chromeOptions: {debuggerAddress: localhost:55790}, javascriptEnabled: true, networkConnectionEnabled: false, pageLoadStrategy: normal, platform: WINDOWS, platformName: WINDOWS, proxy: Proxy(), se:cdp: ws://localhost:55790/devtoo..., se:cdpVersion: 104.0.5112.81, setWindowRect: true, strictFileInteractability: false, timeouts: {implicit: 0, pageLoad: 300000, script: 30000}, unhandledPromptBehavior: dismiss and notify, webauthn:extension:credBlob: true, webauthn:extension:largeBlob: true, webauthn:virtualAuthenticators: true}
Session ID: 7cf9e04cfc9609be0c71c20762dd80a3
2022-08-10 21:13:11 INFO  CommonMethods - Row num for TestScenario = NTBUnsecuredUnassisted is = 2
2022-08-10 21:13:12 INFO  ExcelOperation - Write to excel with : Row=2 | Cell =3 | Data =Fail
2022-08-10 21:16:51 INFO  Utils - [TestNG] Running:
  C:\Users\Madhusmita P\eclipse-workspace_2022_Jan_Batch\MasterFramework\src\test\resources\RunnerFiles\testng.xml

2022-08-10 21:16:51 INFO  SetUp - Test Case_VerifyCRMLogin_Successfully Started
2022-08-10 21:16:52 INFO  SetUp - Test Case_VerifyCRMLogin_get Skipped as its Runmode is 'NO' 
2022-08-10 21:16:52 INFO  SetUp - Test Case_NTBUnsecuredUnassisted_Successfully Started
2022-08-10 21:16:53 INFO  WebDriverManager - Using chromedriver 104.0.5112.79 (resolved driver for Chrome 104)
2022-08-10 21:16:53 INFO  WebDriverManager - Exporting webdriver.chrome.driver as C:\Users\Madhusmita P\.cache\selenium\chromedriver\win32\104.0.5112.79\chromedriver.exe
2022-08-10 21:16:55 INFO  SetUp - Chrome Browser Launched..
2022-08-10 21:16:57 INFO  SetUp - URL : https://crmdapuat.kotak.com/vivid/CreditCard.html
2022-08-10 21:17:18 INFO  CommonMethods - Sucessfully clicked on Website_Option_XPATH
2022-08-10 21:18:19 ERROR CommonMethods - Not Sucessfully clicked on CustomerType_NTB_ID due to :Expected condition failed: waiting for visibility of element located by By.xpath: id_68934914193571 (tried for 60 second(s) with 500 milliseconds interval)
Build info: version: '4.1.0', revision: '87802e897b'
System info: host: 'DESKTOP-TN4VH4B', ip: '192.168.0.10', os.name: 'Windows 10', os.arch: 'amd64', os.version: '10.0', java.version: '17.0.1'
Driver info: org.openqa.selenium.chrome.ChromeDriver
Capabilities {acceptInsecureCerts: false, browserName: chrome, browserVersion: 104.0.5112.81, chrome: {chromedriverVersion: 104.0.5112.79 (3cf3e8c8a07d..., userDataDir: C:\Users\MADHUS~1\AppData\L...}, goog:chromeOptions: {debuggerAddress: localhost:56196}, javascriptEnabled: true, networkConnectionEnabled: false, pageLoadStrategy: normal, platform: WINDOWS, platformName: WINDOWS, proxy: Proxy(), se:cdp: ws://localhost:56196/devtoo..., se:cdpVersion: 104.0.5112.81, setWindowRect: true, strictFileInteractability: false, timeouts: {implicit: 0, pageLoad: 300000, script: 30000}, unhandledPromptBehavior: dismiss and notify, webauthn:extension:credBlob: true, webauthn:extension:largeBlob: true, webauthn:virtualAuthenticators: true}
Session ID: 606a752b74bf5d85827f28f400a022ce
2022-08-10 21:19:19 ERROR CommonMethods - Not Sucessfully clicked on SubmitBtn_ID due to :Expected condition failed: waiting for visibility of element located by By.xpath: c_75946701414 (tried for 60 second(s) with 500 milliseconds interval)
Build info: version: '4.1.0', revision: '87802e897b'
System info: host: 'DESKTOP-TN4VH4B', ip: '192.168.0.10', os.name: 'Windows 10', os.arch: 'amd64', os.version: '10.0', java.version: '17.0.1'
Driver info: org.openqa.selenium.chrome.ChromeDriver
Capabilities {acceptInsecureCerts: false, browserName: chrome, browserVersion: 104.0.5112.81, chrome: {chromedriverVersion: 104.0.5112.79 (3cf3e8c8a07d..., userDataDir: C:\Users\MADHUS~1\AppData\L...}, goog:chromeOptions: {debuggerAddress: localhost:56196}, javascriptEnabled: true, networkConnectionEnabled: false, pageLoadStrategy: normal, platform: WINDOWS, platformName: WINDOWS, proxy: Proxy(), se:cdp: ws://localhost:56196/devtoo..., se:cdpVersion: 104.0.5112.81, setWindowRect: true, strictFileInteractability: false, timeouts: {implicit: 0, pageLoad: 300000, script: 30000}, unhandledPromptBehavior: dismiss and notify, webauthn:extension:credBlob: true, webauthn:extension:largeBlob: true, webauthn:virtualAuthenticators: true}
Session ID: 606a752b74bf5d85827f28f400a022ce
2022-08-10 21:20:19 ERROR CommonMethods - Not able to Mouseclick due to Expected condition failed: waiting for visibility of element located by By.xpath: (//div[@id='id_143939057837480'])[1] (tried for 60 second(s) with 500 milliseconds interval)
Build info: version: '4.1.0', revision: '87802e897b'
System info: host: 'DESKTOP-TN4VH4B', ip: '192.168.0.10', os.name: 'Windows 10', os.arch: 'amd64', os.version: '10.0', java.version: '17.0.1'
Driver info: org.openqa.selenium.chrome.ChromeDriver
Capabilities {acceptInsecureCerts: false, browserName: chrome, browserVersion: 104.0.5112.81, chrome: {chromedriverVersion: 104.0.5112.79 (3cf3e8c8a07d..., userDataDir: C:\Users\MADHUS~1\AppData\L...}, goog:chromeOptions: {debuggerAddress: localhost:56196}, javascriptEnabled: true, networkConnectionEnabled: false, pageLoadStrategy: normal, platform: WINDOWS, platformName: WINDOWS, proxy: Proxy(), se:cdp: ws://localhost:56196/devtoo..., se:cdpVersion: 104.0.5112.81, setWindowRect: true, strictFileInteractability: false, timeouts: {implicit: 0, pageLoad: 300000, script: 30000}, unhandledPromptBehavior: dismiss and notify, webauthn:extension:credBlob: true, webauthn:extension:largeBlob: true, webauthn:virtualAuthenticators: true}
Session ID: 606a752b74bf5d85827f28f400a022ce
2022-08-10 21:21:20 ERROR CommonMethods - Not Sucessfully clicked on Monthly_income_ID due to :Expected condition failed: waiting for visibility of element located by By.xpath: ddl1_2_dropdownMatUi (tried for 60 second(s) with 500 milliseconds interval)
Build info: version: '4.1.0', revision: '87802e897b'
System info: host: 'DESKTOP-TN4VH4B', ip: '192.168.0.10', os.name: 'Windows 10', os.arch: 'amd64', os.version: '10.0', java.version: '17.0.1'
Driver info: org.openqa.selenium.chrome.ChromeDriver
Capabilities {acceptInsecureCerts: false, browserName: chrome, browserVersion: 104.0.5112.81, chrome: {chromedriverVersion: 104.0.5112.79 (3cf3e8c8a07d..., userDataDir: C:\Users\MADHUS~1\AppData\L...}, goog:chromeOptions: {debuggerAddress: localhost:56196}, javascriptEnabled: true, networkConnectionEnabled: false, pageLoadStrategy: normal, platform: WINDOWS, platformName: WINDOWS, proxy: Proxy(), se:cdp: ws://localhost:56196/devtoo..., se:cdpVersion: 104.0.5112.81, setWindowRect: true, strictFileInteractability: false, timeouts: {implicit: 0, pageLoad: 300000, script: 30000}, unhandledPromptBehavior: dismiss and notify, webauthn:extension:credBlob: true, webauthn:extension:largeBlob: true, webauthn:virtualAuthenticators: true}
Session ID: 606a752b74bf5d85827f28f400a022ce
2022-08-10 21:22:20 ERROR CommonMethods - Not Sucessfully clicked on Salary_Range_XPATH due to :Expected condition failed: waiting for visibility of element located by By.xpath: //option[@value='40000'] (tried for 60 second(s) with 500 milliseconds interval)
Build info: version: '4.1.0', revision: '87802e897b'
System info: host: 'DESKTOP-TN4VH4B', ip: '192.168.0.10', os.name: 'Windows 10', os.arch: 'amd64', os.version: '10.0', java.version: '17.0.1'
Driver info: org.openqa.selenium.chrome.ChromeDriver
Capabilities {acceptInsecureCerts: false, browserName: chrome, browserVersion: 104.0.5112.81, chrome: {chromedriverVersion: 104.0.5112.79 (3cf3e8c8a07d..., userDataDir: C:\Users\MADHUS~1\AppData\L...}, goog:chromeOptions: {debuggerAddress: localhost:56196}, javascriptEnabled: true, networkConnectionEnabled: false, pageLoadStrategy: normal, platform: WINDOWS, platformName: WINDOWS, proxy: Proxy(), se:cdp: ws://localhost:56196/devtoo..., se:cdpVersion: 104.0.5112.81, setWindowRect: true, strictFileInteractability: false, timeouts: {implicit: 0, pageLoad: 300000, script: 30000}, unhandledPromptBehavior: dismiss and notify, webauthn:extension:credBlob: true, webauthn:extension:largeBlob: true, webauthn:virtualAuthenticators: true}
Session ID: 606a752b74bf5d85827f28f400a022ce
2022-08-10 21:22:20 ERROR CommonMethods - Not Sucessfully clicked on c_75946701414 due to :Cannot find elements when the XPath is null.
2022-08-10 21:22:52 INFO  Utils - [TestNG] Running:
  C:\Users\Madhusmita P\eclipse-workspace_2022_Jan_Batch\MasterFramework\src\test\resources\RunnerFiles\testng.xml

2022-08-10 21:22:52 INFO  SetUp - Test Case_VerifyCRMLogin_Successfully Started
2022-08-10 21:22:52 INFO  SetUp - Test Case_VerifyCRMLogin_get Skipped as its Runmode is 'NO' 
2022-08-10 21:22:53 INFO  SetUp - Test Case_NTBUnsecuredUnassisted_Successfully Started
2022-08-10 21:22:53 INFO  WebDriverManager - Using chromedriver 104.0.5112.79 (resolved driver for Chrome 104)
2022-08-10 21:22:53 INFO  WebDriverManager - Exporting webdriver.chrome.driver as C:\Users\Madhusmita P\.cache\selenium\chromedriver\win32\104.0.5112.79\chromedriver.exe
2022-08-10 21:22:56 INFO  SetUp - Chrome Browser Launched..
2022-08-10 21:22:58 INFO  SetUp - URL : https://crmdapuat.kotak.com/vivid/CreditCard.html
2022-08-10 21:23:23 INFO  CommonMethods - Sucessfully clicked on Website_Option_XPATH
2022-08-10 21:24:24 ERROR CommonMethods - Not Sucessfully clicked on SubmitBtn_ID due to :Expected condition failed: waiting for visibility of element located by By.xpath: c_75946701414 (tried for 60 second(s) with 500 milliseconds interval)
Build info: version: '4.1.0', revision: '87802e897b'
System info: host: 'DESKTOP-TN4VH4B', ip: '192.168.0.10', os.name: 'Windows 10', os.arch: 'amd64', os.version: '10.0', java.version: '17.0.1'
Driver info: org.openqa.selenium.chrome.ChromeDriver
Capabilities {acceptInsecureCerts: false, browserName: chrome, browserVersion: 104.0.5112.81, chrome: {chromedriverVersion: 104.0.5112.79 (3cf3e8c8a07d..., userDataDir: C:\Users\MADHUS~1\AppData\L...}, goog:chromeOptions: {debuggerAddress: localhost:56828}, javascriptEnabled: true, networkConnectionEnabled: false, pageLoadStrategy: normal, platform: WINDOWS, platformName: WINDOWS, proxy: Proxy(), se:cdp: ws://localhost:56828/devtoo..., se:cdpVersion: 104.0.5112.81, setWindowRect: true, strictFileInteractability: false, timeouts: {implicit: 0, pageLoad: 300000, script: 30000}, unhandledPromptBehavior: dismiss and notify, webauthn:extension:credBlob: true, webauthn:extension:largeBlob: true, webauthn:virtualAuthenticators: true}
Session ID: f839286198720fbba431a18e8c3ee490
2022-08-10 21:25:24 ERROR CommonMethods - Not able to Mouseclick due to Expected condition failed: waiting for visibility of element located by By.xpath: (//div[@id='id_143939057837480'])[1] (tried for 60 second(s) with 500 milliseconds interval)
Build info: version: '4.1.0', revision: '87802e897b'
System info: host: 'DESKTOP-TN4VH4B', ip: '192.168.0.10', os.name: 'Windows 10', os.arch: 'amd64', os.version: '10.0', java.version: '17.0.1'
Driver info: org.openqa.selenium.chrome.ChromeDriver
Capabilities {acceptInsecureCerts: false, browserName: chrome, browserVersion: 104.0.5112.81, chrome: {chromedriverVersion: 104.0.5112.79 (3cf3e8c8a07d..., userDataDir: C:\Users\MADHUS~1\AppData\L...}, goog:chromeOptions: {debuggerAddress: localhost:56828}, javascriptEnabled: true, networkConnectionEnabled: false, pageLoadStrategy: normal, platform: WINDOWS, platformName: WINDOWS, proxy: Proxy(), se:cdp: ws://localhost:56828/devtoo..., se:cdpVersion: 104.0.5112.81, setWindowRect: true, strictFileInteractability: false, timeouts: {implicit: 0, pageLoad: 300000, script: 30000}, unhandledPromptBehavior: dismiss and notify, webauthn:extension:credBlob: true, webauthn:extension:largeBlob: true, webauthn:virtualAuthenticators: true}
Session ID: f839286198720fbba431a18e8c3ee490
2022-08-10 21:26:25 ERROR CommonMethods - Not Sucessfully clicked on Monthly_income_ID due to :Expected condition failed: waiting for visibility of element located by By.xpath: ddl1_2_dropdownMatUi (tried for 60 second(s) with 500 milliseconds interval)
Build info: version: '4.1.0', revision: '87802e897b'
System info: host: 'DESKTOP-TN4VH4B', ip: '192.168.0.10', os.name: 'Windows 10', os.arch: 'amd64', os.version: '10.0', java.version: '17.0.1'
Driver info: org.openqa.selenium.chrome.ChromeDriver
Capabilities {acceptInsecureCerts: false, browserName: chrome, browserVersion: 104.0.5112.81, chrome: {chromedriverVersion: 104.0.5112.79 (3cf3e8c8a07d..., userDataDir: C:\Users\MADHUS~1\AppData\L...}, goog:chromeOptions: {debuggerAddress: localhost:56828}, javascriptEnabled: true, networkConnectionEnabled: false, pageLoadStrategy: normal, platform: WINDOWS, platformName: WINDOWS, proxy: Proxy(), se:cdp: ws://localhost:56828/devtoo..., se:cdpVersion: 104.0.5112.81, setWindowRect: true, strictFileInteractability: false, timeouts: {implicit: 0, pageLoad: 300000, script: 30000}, unhandledPromptBehavior: dismiss and notify, webauthn:extension:credBlob: true, webauthn:extension:largeBlob: true, webauthn:virtualAuthenticators: true}
Session ID: f839286198720fbba431a18e8c3ee490
2022-08-10 21:27:25 ERROR CommonMethods - Not Sucessfully clicked on Salary_Range_XPATH due to :Expected condition failed: waiting for visibility of element located by By.xpath: //option[@value='40000'] (tried for 60 second(s) with 500 milliseconds interval)
Build info: version: '4.1.0', revision: '87802e897b'
System info: host: 'DESKTOP-TN4VH4B', ip: '192.168.0.10', os.name: 'Windows 10', os.arch: 'amd64', os.version: '10.0', java.version: '17.0.1'
Driver info: org.openqa.selenium.chrome.ChromeDriver
Capabilities {acceptInsecureCerts: false, browserName: chrome, browserVersion: 104.0.5112.81, chrome: {chromedriverVersion: 104.0.5112.79 (3cf3e8c8a07d..., userDataDir: C:\Users\MADHUS~1\AppData\L...}, goog:chromeOptions: {debuggerAddress: localhost:56828}, javascriptEnabled: true, networkConnectionEnabled: false, pageLoadStrategy: normal, platform: WINDOWS, platformName: WINDOWS, proxy: Proxy(), se:cdp: ws://localhost:56828/devtoo..., se:cdpVersion: 104.0.5112.81, setWindowRect: true, strictFileInteractability: false, timeouts: {implicit: 0, pageLoad: 300000, script: 30000}, unhandledPromptBehavior: dismiss and notify, webauthn:extension:credBlob: true, webauthn:extension:largeBlob: true, webauthn:virtualAuthenticators: true}
Session ID: f839286198720fbba431a18e8c3ee490
2022-08-10 21:27:25 ERROR CommonMethods - Not Sucessfully clicked on c_75946701414 due to :Cannot find elements when the XPath is null.
2022-08-10 21:28:25 ERROR SetUp - NTBUnsecuredUnassisted Get Failed due to 
Expected condition failed: waiting for element to be clickable: By.xpath: (//img[@alt='League Platinum'])[1] (tried for 60 second(s) with 500 milliseconds interval)
Build info: version: '4.1.0', revision: '87802e897b'
System info: host: 'DESKTOP-TN4VH4B', ip: '192.168.0.10', os.name: 'Windows 10', os.arch: 'amd64', os.version: '10.0', java.version: '17.0.1'
Driver info: org.openqa.selenium.chrome.ChromeDriver
Capabilities {acceptInsecureCerts: false, browserName: chrome, browserVersion: 104.0.5112.81, chrome: {chromedriverVersion: 104.0.5112.79 (3cf3e8c8a07d..., userDataDir: C:\Users\MADHUS~1\AppData\L...}, goog:chromeOptions: {debuggerAddress: localhost:56828}, javascriptEnabled: true, networkConnectionEnabled: false, pageLoadStrategy: normal, platform: WINDOWS, platformName: WINDOWS, proxy: Proxy(), se:cdp: ws://localhost:56828/devtoo..., se:cdpVersion: 104.0.5112.81, setWindowRect: true, strictFileInteractability: false, timeouts: {implicit: 0, pageLoad: 300000, script: 30000}, unhandledPromptBehavior: dismiss and notify, webauthn:extension:credBlob: true, webauthn:extension:largeBlob: true, webauthn:virtualAuthenticators: true}
Session ID: f839286198720fbba431a18e8c3ee490
2022-08-10 21:28:26 INFO  ScreenShot - ScreenShot captured NTBUnsecuredUnassisted || Status :Fail
2022-08-10 21:28:26 INFO  CommonMethods - Row num for TestScenario = NTBUnsecuredUnassisted is = 2
2022-08-10 21:28:27 INFO  ExcelOperation - Write to excel with : Row=2 | Cell =3 | Data =Fail
2022-08-10 21:28:30 INFO  SetUp - Browser Closed..
2022-08-10 22:06:51 INFO  Utils - [TestNG] Running:
  C:\Users\Madhusmita P\eclipse-workspace_2022_Jan_Batch\MasterFramework\src\test\resources\RunnerFiles\testng.xml

2022-08-10 22:06:51 INFO  SetUp - Test Case_VerifyCRMLogin_Successfully Started
2022-08-10 22:06:52 INFO  SetUp - Test Case_VerifyCRMLogin_get Skipped as its Runmode is 'NO' 
2022-08-10 22:06:52 INFO  SetUp - Test Case_NTBUnsecuredUnassisted_Successfully Started
2022-08-10 22:06:54 INFO  WebDriverManager - Using chromedriver 104.0.5112.79 (resolved driver for Chrome 104)
2022-08-10 22:06:54 INFO  WebDriverManager - Exporting webdriver.chrome.driver as C:\Users\Madhusmita P\.cache\selenium\chromedriver\win32\104.0.5112.79\chromedriver.exe
2022-08-10 22:06:56 INFO  SetUp - Chrome Browser Launched..
2022-08-10 22:06:58 INFO  SetUp - URL : https://crmdapuat.kotak.com/vivid/CreditCard.html
2022-08-10 22:09:11 INFO  CommonMethods - Sucessfully clicked on Website_Option_XPATH
2022-08-10 22:10:11 ERROR CommonMethods - Not Sucessfully clicked on SubmitBtn_ID due to :Expected condition failed: waiting for visibility of element located by By.xpath: c_75946701414 (tried for 60 second(s) with 500 milliseconds interval)
Build info: version: '4.1.0', revision: '87802e897b'
System info: host: 'DESKTOP-TN4VH4B', ip: '192.168.0.10', os.name: 'Windows 10', os.arch: 'amd64', os.version: '10.0', java.version: '17.0.1'
Driver info: org.openqa.selenium.chrome.ChromeDriver
Capabilities {acceptInsecureCerts: false, browserName: chrome, browserVersion: 104.0.5112.81, chrome: {chromedriverVersion: 104.0.5112.79 (3cf3e8c8a07d..., userDataDir: C:\Users\MADHUS~1\AppData\L...}, goog:chromeOptions: {debuggerAddress: localhost:58667}, javascriptEnabled: true, networkConnectionEnabled: false, pageLoadStrategy: normal, platform: WINDOWS, platformName: WINDOWS, proxy: Proxy(), se:cdp: ws://localhost:58667/devtoo..., se:cdpVersion: 104.0.5112.81, setWindowRect: true, strictFileInteractability: false, timeouts: {implicit: 0, pageLoad: 300000, script: 30000}, unhandledPromptBehavior: dismiss and notify, webauthn:extension:credBlob: true, webauthn:extension:largeBlob: true, webauthn:virtualAuthenticators: true}
Session ID: 5393419c6514bf562de7afb7444a140e
2022-08-10 22:11:11 ERROR CommonMethods - Not able to Mouseclick due to Expected condition failed: waiting for visibility of element located by By.xpath: (//div[@id='id_143939057837480'])[1] (tried for 60 second(s) with 500 milliseconds interval)
Build info: version: '4.1.0', revision: '87802e897b'
System info: host: 'DESKTOP-TN4VH4B', ip: '192.168.0.10', os.name: 'Windows 10', os.arch: 'amd64', os.version: '10.0', java.version: '17.0.1'
Driver info: org.openqa.selenium.chrome.ChromeDriver
Capabilities {acceptInsecureCerts: false, browserName: chrome, browserVersion: 104.0.5112.81, chrome: {chromedriverVersion: 104.0.5112.79 (3cf3e8c8a07d..., userDataDir: C:\Users\MADHUS~1\AppData\L...}, goog:chromeOptions: {debuggerAddress: localhost:58667}, javascriptEnabled: true, networkConnectionEnabled: false, pageLoadStrategy: normal, platform: WINDOWS, platformName: WINDOWS, proxy: Proxy(), se:cdp: ws://localhost:58667/devtoo..., se:cdpVersion: 104.0.5112.81, setWindowRect: true, strictFileInteractability: false, timeouts: {implicit: 0, pageLoad: 300000, script: 30000}, unhandledPromptBehavior: dismiss and notify, webauthn:extension:credBlob: true, webauthn:extension:largeBlob: true, webauthn:virtualAuthenticators: true}
Session ID: 5393419c6514bf562de7afb7444a140e
2022-08-10 22:12:11 ERROR CommonMethods - Not Sucessfully clicked on Monthly_income_ID due to :Expected condition failed: waiting for visibility of element located by By.xpath: ddl1_2_dropdownMatUi (tried for 60 second(s) with 500 milliseconds interval)
Build info: version: '4.1.0', revision: '87802e897b'
System info: host: 'DESKTOP-TN4VH4B', ip: '192.168.0.10', os.name: 'Windows 10', os.arch: 'amd64', os.version: '10.0', java.version: '17.0.1'
Driver info: org.openqa.selenium.chrome.ChromeDriver
Capabilities {acceptInsecureCerts: false, browserName: chrome, browserVersion: 104.0.5112.81, chrome: {chromedriverVersion: 104.0.5112.79 (3cf3e8c8a07d..., userDataDir: C:\Users\MADHUS~1\AppData\L...}, goog:chromeOptions: {debuggerAddress: localhost:58667}, javascriptEnabled: true, networkConnectionEnabled: false, pageLoadStrategy: normal, platform: WINDOWS, platformName: WINDOWS, proxy: Proxy(), se:cdp: ws://localhost:58667/devtoo..., se:cdpVersion: 104.0.5112.81, setWindowRect: true, strictFileInteractability: false, timeouts: {implicit: 0, pageLoad: 300000, script: 30000}, unhandledPromptBehavior: dismiss and notify, webauthn:extension:credBlob: true, webauthn:extension:largeBlob: true, webauthn:virtualAuthenticators: true}
Session ID: 5393419c6514bf562de7afb7444a140e
2022-08-10 22:13:12 ERROR CommonMethods - Not Sucessfully clicked on Salary_Range_XPATH due to :Expected condition failed: waiting for visibility of element located by By.xpath: //option[@value='40000'] (tried for 60 second(s) with 500 milliseconds interval)
Build info: version: '4.1.0', revision: '87802e897b'
System info: host: 'DESKTOP-TN4VH4B', ip: '192.168.0.10', os.name: 'Windows 10', os.arch: 'amd64', os.version: '10.0', java.version: '17.0.1'
Driver info: org.openqa.selenium.chrome.ChromeDriver
Capabilities {acceptInsecureCerts: false, browserName: chrome, browserVersion: 104.0.5112.81, chrome: {chromedriverVersion: 104.0.5112.79 (3cf3e8c8a07d..., userDataDir: C:\Users\MADHUS~1\AppData\L...}, goog:chromeOptions: {debuggerAddress: localhost:58667}, javascriptEnabled: true, networkConnectionEnabled: false, pageLoadStrategy: normal, platform: WINDOWS, platformName: WINDOWS, proxy: Proxy(), se:cdp: ws://localhost:58667/devtoo..., se:cdpVersion: 104.0.5112.81, setWindowRect: true, strictFileInteractability: false, timeouts: {implicit: 0, pageLoad: 300000, script: 30000}, unhandledPromptBehavior: dismiss and notify, webauthn:extension:credBlob: true, webauthn:extension:largeBlob: true, webauthn:virtualAuthenticators: true}
Session ID: 5393419c6514bf562de7afb7444a140e
2022-08-10 22:13:12 ERROR CommonMethods - Not Sucessfully clicked on c_75946701414 due to :Cannot find elements when the XPath is null.
2022-08-10 22:14:12 ERROR SetUp - NTBUnsecuredUnassisted Get Failed due to 
Expected condition failed: waiting for element to be clickable: By.xpath: (//img[@alt='League Platinum'])[1] (tried for 60 second(s) with 500 milliseconds interval)
Build info: version: '4.1.0', revision: '87802e897b'
System info: host: 'DESKTOP-TN4VH4B', ip: '192.168.0.10', os.name: 'Windows 10', os.arch: 'amd64', os.version: '10.0', java.version: '17.0.1'
Driver info: org.openqa.selenium.chrome.ChromeDriver
Capabilities {acceptInsecureCerts: false, browserName: chrome, browserVersion: 104.0.5112.81, chrome: {chromedriverVersion: 104.0.5112.79 (3cf3e8c8a07d..., userDataDir: C:\Users\MADHUS~1\AppData\L...}, goog:chromeOptions: {debuggerAddress: localhost:58667}, javascriptEnabled: true, networkConnectionEnabled: false, pageLoadStrategy: normal, platform: WINDOWS, platformName: WINDOWS, proxy: Proxy(), se:cdp: ws://localhost:58667/devtoo..., se:cdpVersion: 104.0.5112.81, setWindowRect: true, strictFileInteractability: false, timeouts: {implicit: 0, pageLoad: 300000, script: 30000}, unhandledPromptBehavior: dismiss and notify, webauthn:extension:credBlob: true, webauthn:extension:largeBlob: true, webauthn:virtualAuthenticators: true}
Session ID: 5393419c6514bf562de7afb7444a140e
2022-08-10 22:14:12 INFO  ScreenShot - ScreenShot captured NTBUnsecuredUnassisted || Status :Fail
2022-08-10 22:14:12 INFO  CommonMethods - Row num for TestScenario = NTBUnsecuredUnassisted is = 2
2022-08-10 22:14:13 INFO  ExcelOperation - Write to excel with : Row=2 | Cell =3 | Data =Fail
2022-08-10 22:14:14 WARN  WebSocketHandler - onError
java.net.SocketException: Connection reset
	at sun.nio.ch.SocketChannelImpl.throwConnectionReset(SocketChannelImpl.java:394) ~[?:?]
	at sun.nio.ch.SocketChannelImpl.read(SocketChannelImpl.java:426) ~[?:?]
	at io.netty.buffer.PooledByteBuf.setBytes(PooledByteBuf.java:253) ~[netty-buffer-4.1.69.Final.jar:4.1.69.Final]
	at io.netty.buffer.AbstractByteBuf.writeBytes(AbstractByteBuf.java:1132) ~[netty-buffer-4.1.69.Final.jar:4.1.69.Final]
	at io.netty.channel.socket.nio.NioSocketChannel.doReadBytes(NioSocketChannel.java:350) ~[netty-transport-4.1.69.Final.jar:4.1.69.Final]
	at io.netty.channel.nio.AbstractNioByteChannel$NioByteUnsafe.read(AbstractNioByteChannel.java:151) [netty-transport-4.1.69.Final.jar:4.1.69.Final]
	at io.netty.channel.nio.NioEventLoop.processSelectedKey(NioEventLoop.java:719) [netty-transport-4.1.69.Final.jar:4.1.69.Final]
	at io.netty.channel.nio.NioEventLoop.processSelectedKeysOptimized(NioEventLoop.java:655) [netty-transport-4.1.69.Final.jar:4.1.69.Final]
	at io.netty.channel.nio.NioEventLoop.processSelectedKeys(NioEventLoop.java:581) [netty-transport-4.1.69.Final.jar:4.1.69.Final]
	at io.netty.channel.nio.NioEventLoop.run(NioEventLoop.java:493) [netty-transport-4.1.69.Final.jar:4.1.69.Final]
	at io.netty.util.concurrent.SingleThreadEventExecutor$4.run(SingleThreadEventExecutor.java:986) [netty-common-4.1.69.Final.jar:4.1.69.Final]
	at io.netty.util.internal.ThreadExecutorMap$2.run(ThreadExecutorMap.java:74) [netty-common-4.1.69.Final.jar:4.1.69.Final]
	at io.netty.util.concurrent.FastThreadLocalRunnable.run(FastThreadLocalRunnable.java:30) [netty-common-4.1.69.Final.jar:4.1.69.Final]
	at java.lang.Thread.run(Thread.java:833) [?:?]
2022-08-10 22:14:14 INFO  SetUp - Browser Closed..
2022-08-10 22:14:29 INFO  Utils - [TestNG] Running:
  C:\Users\Madhusmita P\eclipse-workspace_2022_Jan_Batch\MasterFramework\src\test\resources\RunnerFiles\testng.xml

2022-08-10 22:14:29 INFO  SetUp - Test Case_VerifyCRMLogin_Successfully Started
2022-08-10 22:14:30 INFO  SetUp - Test Case_VerifyCRMLogin_get Skipped as its Runmode is 'NO' 
2022-08-10 22:14:30 INFO  SetUp - Test Case_NTBUnsecuredUnassisted_Successfully Started
2022-08-10 22:14:31 INFO  WebDriverManager - Using chromedriver 104.0.5112.79 (resolved driver for Chrome 104)
2022-08-10 22:14:31 INFO  WebDriverManager - Exporting webdriver.chrome.driver as C:\Users\Madhusmita P\.cache\selenium\chromedriver\win32\104.0.5112.79\chromedriver.exe
2022-08-10 22:14:34 INFO  SetUp - Chrome Browser Launched..
2022-08-10 22:14:35 INFO  SetUp - URL : https://crmdapuat.kotak.com/vivid/CreditCard.html
2022-08-10 22:16:34 ERROR CommonMethods - Not Sucessfully clicked on Monthly_income_ID due to :Expected condition failed: waiting for visibility of element located by By.xpath: ddl1_2_dropdownMatUi (tried for 60 second(s) with 500 milliseconds interval)
Build info: version: '4.1.0', revision: '87802e897b'
System info: host: 'DESKTOP-TN4VH4B', ip: '192.168.0.10', os.name: 'Windows 10', os.arch: 'amd64', os.version: '10.0', java.version: '17.0.1'
Driver info: org.openqa.selenium.chrome.ChromeDriver
Capabilities {acceptInsecureCerts: false, browserName: chrome, browserVersion: 104.0.5112.81, chrome: {chromedriverVersion: 104.0.5112.79 (3cf3e8c8a07d..., userDataDir: C:\Users\MADHUS~1\AppData\L...}, goog:chromeOptions: {debuggerAddress: localhost:59453}, javascriptEnabled: true, networkConnectionEnabled: false, pageLoadStrategy: normal, platform: WINDOWS, platformName: WINDOWS, proxy: Proxy(), se:cdp: ws://localhost:59453/devtoo..., se:cdpVersion: 104.0.5112.81, setWindowRect: true, strictFileInteractability: false, timeouts: {implicit: 0, pageLoad: 300000, script: 30000}, unhandledPromptBehavior: dismiss and notify, webauthn:extension:credBlob: true, webauthn:extension:largeBlob: true, webauthn:virtualAuthenticators: true}
Session ID: 62754d08c08b82a3dcdddfc91ad94afc
2022-08-10 22:16:34 INFO  CommonMethods - Sucessfully clicked on Salary_Range_XPATH
2022-08-10 22:16:34 ERROR CommonMethods - Not Sucessfully clicked on c_75946701414 due to :Cannot find elements when the XPath is null.
2022-08-10 22:17:34 ERROR SetUp - NTBUnsecuredUnassisted Get Failed due to 
Expected condition failed: waiting for element to be clickable: By.xpath: (//img[@alt='League Platinum'])[1] (tried for 60 second(s) with 500 milliseconds interval)
Build info: version: '4.1.0', revision: '87802e897b'
System info: host: 'DESKTOP-TN4VH4B', ip: '192.168.0.10', os.name: 'Windows 10', os.arch: 'amd64', os.version: '10.0', java.version: '17.0.1'
Driver info: org.openqa.selenium.chrome.ChromeDriver
Capabilities {acceptInsecureCerts: false, browserName: chrome, browserVersion: 104.0.5112.81, chrome: {chromedriverVersion: 104.0.5112.79 (3cf3e8c8a07d..., userDataDir: C:\Users\MADHUS~1\AppData\L...}, goog:chromeOptions: {debuggerAddress: localhost:59453}, javascriptEnabled: true, networkConnectionEnabled: false, pageLoadStrategy: normal, platform: WINDOWS, platformName: WINDOWS, proxy: Proxy(), se:cdp: ws://localhost:59453/devtoo..., se:cdpVersion: 104.0.5112.81, setWindowRect: true, strictFileInteractability: false, timeouts: {implicit: 0, pageLoad: 300000, script: 30000}, unhandledPromptBehavior: dismiss and notify, webauthn:extension:credBlob: true, webauthn:extension:largeBlob: true, webauthn:virtualAuthenticators: true}
Session ID: 62754d08c08b82a3dcdddfc91ad94afc
2022-08-10 22:17:35 INFO  ScreenShot - ScreenShot captured NTBUnsecuredUnassisted || Status :Fail
2022-08-10 22:17:35 INFO  CommonMethods - Row num for TestScenario = NTBUnsecuredUnassisted is = 2
2022-08-10 22:17:36 INFO  ExcelOperation - Write to excel with : Row=2 | Cell =3 | Data =Fail
2022-08-10 22:17:39 INFO  SetUp - Browser Closed..
2022-08-10 22:47:41 INFO  Utils - [TestNG] Running:
  C:\Users\Madhusmita P\eclipse-workspace_2022_Jan_Batch\MasterFramework\src\test\resources\RunnerFiles\testng.xml

2022-08-10 22:47:41 INFO  SetUp - Test Case_VerifyCRMLogin_Successfully Started
2022-08-10 22:47:42 INFO  SetUp - Test Case_VerifyCRMLogin_get Skipped as its Runmode is 'NO' 
2022-08-10 22:47:42 INFO  SetUp - Test Case_NTBUnsecuredUnassisted_Successfully Started
2022-08-10 22:47:43 INFO  WebDriverManager - Using chromedriver 104.0.5112.79 (resolved driver for Chrome 104)
2022-08-10 22:47:43 INFO  WebDriverManager - Exporting webdriver.chrome.driver as C:\Users\Madhusmita P\.cache\selenium\chromedriver\win32\104.0.5112.79\chromedriver.exe
2022-08-10 22:47:46 INFO  SetUp - Chrome Browser Launched..
2022-08-10 22:47:48 INFO  SetUp - URL : https://crmdapuat.kotak.com/vivid/CreditCard.html
2022-08-10 22:48:28 INFO  CommonMethods - Sucessfully clicked on Website_Option_XPATH
2022-08-10 22:49:28 ERROR CommonMethods - Not Sucessfully clicked on CustomerType_NTB_ID due to :Expected condition failed: waiting for visibility of element located by By.xpath: id_68863022337842 (tried for 60 second(s) with 500 milliseconds interval)
Build info: version: '4.1.0', revision: '87802e897b'
System info: host: 'DESKTOP-TN4VH4B', ip: '192.168.0.10', os.name: 'Windows 10', os.arch: 'amd64', os.version: '10.0', java.version: '17.0.1'
Driver info: org.openqa.selenium.chrome.ChromeDriver
Capabilities {acceptInsecureCerts: false, browserName: chrome, browserVersion: 104.0.5112.81, chrome: {chromedriverVersion: 104.0.5112.79 (3cf3e8c8a07d..., userDataDir: C:\Users\MADHUS~1\AppData\L...}, goog:chromeOptions: {debuggerAddress: localhost:60773}, javascriptEnabled: true, networkConnectionEnabled: false, pageLoadStrategy: normal, platform: WINDOWS, platformName: WINDOWS, proxy: Proxy(), se:cdp: ws://localhost:60773/devtoo..., se:cdpVersion: 104.0.5112.81, setWindowRect: true, strictFileInteractability: false, timeouts: {implicit: 0, pageLoad: 300000, script: 30000}, unhandledPromptBehavior: dismiss and notify, webauthn:extension:credBlob: true, webauthn:extension:largeBlob: true, webauthn:virtualAuthenticators: true}
Session ID: 0ac8a3ef064fd894f7af36b25f0cd757
2022-08-10 22:49:39 INFO  CommonMethods - Sucessfully clicked on SubmitBtn_XPATH
2022-08-10 22:50:40 ERROR CommonMethods - Not Sucessfully clicked on Monthly_income_ID due to :Expected condition failed: waiting for visibility of element located by By.xpath: ddl1_2_dropdownMatUi (tried for 60 second(s) with 500 milliseconds interval)
Build info: version: '4.1.0', revision: '87802e897b'
System info: host: 'DESKTOP-TN4VH4B', ip: '192.168.0.10', os.name: 'Windows 10', os.arch: 'amd64', os.version: '10.0', java.version: '17.0.1'
Driver info: org.openqa.selenium.chrome.ChromeDriver
Capabilities {acceptInsecureCerts: false, browserName: chrome, browserVersion: 104.0.5112.81, chrome: {chromedriverVersion: 104.0.5112.79 (3cf3e8c8a07d..., userDataDir: C:\Users\MADHUS~1\AppData\L...}, goog:chromeOptions: {debuggerAddress: localhost:60773}, javascriptEnabled: true, networkConnectionEnabled: false, pageLoadStrategy: normal, platform: WINDOWS, platformName: WINDOWS, proxy: Proxy(), se:cdp: ws://localhost:60773/devtoo..., se:cdpVersion: 104.0.5112.81, setWindowRect: true, strictFileInteractability: false, timeouts: {implicit: 0, pageLoad: 300000, script: 30000}, unhandledPromptBehavior: dismiss and notify, webauthn:extension:credBlob: true, webauthn:extension:largeBlob: true, webauthn:virtualAuthenticators: true}
Session ID: 0ac8a3ef064fd894f7af36b25f0cd757
2022-08-10 22:50:40 INFO  CommonMethods - Sucessfully clicked on Salary_Range_XPATH
2022-08-10 22:50:40 ERROR CommonMethods - Not Sucessfully clicked on c_75946701414 due to :Cannot find elements when the XPath is null.
2022-08-10 22:51:40 ERROR SetUp - NTBUnsecuredUnassisted Get Failed due to 
Expected condition failed: waiting for element to be clickable: By.xpath: (//img[@alt='League Platinum'])[1] (tried for 60 second(s) with 500 milliseconds interval)
Build info: version: '4.1.0', revision: '87802e897b'
System info: host: 'DESKTOP-TN4VH4B', ip: '192.168.0.10', os.name: 'Windows 10', os.arch: 'amd64', os.version: '10.0', java.version: '17.0.1'
Driver info: org.openqa.selenium.chrome.ChromeDriver
Capabilities {acceptInsecureCerts: false, browserName: chrome, browserVersion: 104.0.5112.81, chrome: {chromedriverVersion: 104.0.5112.79 (3cf3e8c8a07d..., userDataDir: C:\Users\MADHUS~1\AppData\L...}, goog:chromeOptions: {debuggerAddress: localhost:60773}, javascriptEnabled: true, networkConnectionEnabled: false, pageLoadStrategy: normal, platform: WINDOWS, platformName: WINDOWS, proxy: Proxy(), se:cdp: ws://localhost:60773/devtoo..., se:cdpVersion: 104.0.5112.81, setWindowRect: true, strictFileInteractability: false, timeouts: {implicit: 0, pageLoad: 300000, script: 30000}, unhandledPromptBehavior: dismiss and notify, webauthn:extension:credBlob: true, webauthn:extension:largeBlob: true, webauthn:virtualAuthenticators: true}
Session ID: 0ac8a3ef064fd894f7af36b25f0cd757
2022-08-10 22:51:40 INFO  ScreenShot - ScreenShot captured NTBUnsecuredUnassisted || Status :Fail
2022-08-10 22:51:41 INFO  CommonMethods - Row num for TestScenario = NTBUnsecuredUnassisted is = 2
2022-08-10 22:51:42 INFO  ExcelOperation - Write to excel with : Row=2 | Cell =3 | Data =Fail
2022-08-10 22:51:45 INFO  SetUp - Browser Closed..
